2021-12-08T14:44:14: Server listen at 3000
2021-12-08T14:44:14: connect to mongoDB
2021-12-08T23:19:05: Error: Cannot find module 'bcrypt'
2021-12-08T23:19:05: Require stack:
2021-12-08T23:19:05: - E:\WNC-BE\dist\service\user.service.js
2021-12-08T23:19:05: - E:\WNC-BE\dist\controller\user.controller.js
2021-12-08T23:19:05: - E:\WNC-BE\dist\routes\user.route.js
2021-12-08T23:19:05: - E:\WNC-BE\dist\routes\index.js
2021-12-08T23:19:05: - E:\WNC-BE\dist\app.js
2021-12-08T23:19:05:     at Function.Module._resolveFilename (internal/modules/cjs/loader.js:880:15)
2021-12-08T23:19:05:     at Module.Hook._require.Module.require (C:\Users\84976\AppData\Roaming\npm\node_modules\pm2\node_modules\require-in-the-middle\index.js:61:29)
2021-12-08T23:19:05:     at require (internal/modules/cjs/helpers.js:88:18)
2021-12-08T23:19:05:     at Object.<anonymous> (E:\WNC-BE\dist\service\user.service.js:12:16)
2021-12-08T23:19:05:     at Module._compile (internal/modules/cjs/loader.js:1063:30)
2021-12-08T23:19:05:     at Object.Module._extensions..js (internal/modules/cjs/loader.js:1092:10)
2021-12-08T23:19:05:     at Module.load (internal/modules/cjs/loader.js:928:32)
2021-12-08T23:19:05:     at Function.Module._load (internal/modules/cjs/loader.js:769:14)
2021-12-08T23:19:05:     at Module.require (internal/modules/cjs/loader.js:952:19)
2021-12-08T23:19:05:     at Module.Hook._require.Module.require (C:\Users\84976\AppData\Roaming\npm\node_modules\pm2\node_modules\require-in-the-middle\index.js:80:39) {
2021-12-08T23:19:05:   code: 'MODULE_NOT_FOUND',
2021-12-08T23:19:05:   requireStack: [
2021-12-08T23:19:05:     'E:\\WNC-BE\\dist\\service\\user.service.js',
2021-12-08T23:19:05:     'E:\\WNC-BE\\dist\\controller\\user.controller.js',
2021-12-08T23:19:05:     'E:\\WNC-BE\\dist\\routes\\user.route.js',
2021-12-08T23:19:05:     'E:\\WNC-BE\\dist\\routes\\index.js',
2021-12-08T23:19:05:     'E:\\WNC-BE\\dist\\app.js'
2021-12-08T23:19:05:   ]
2021-12-08T23:19:05: }
2021-12-08T23:19:08: Error: Cannot find module 'bcrypt'
2021-12-08T23:19:08: Require stack:
2021-12-08T23:19:08: - E:\WNC-BE\dist\service\user.service.js
2021-12-08T23:19:08: - E:\WNC-BE\dist\controller\user.controller.js
2021-12-08T23:19:08: - E:\WNC-BE\dist\routes\user.route.js
2021-12-08T23:19:08: - E:\WNC-BE\dist\routes\index.js
2021-12-08T23:19:08: - E:\WNC-BE\dist\app.js
2021-12-08T23:19:08:     at Function.Module._resolveFilename (internal/modules/cjs/loader.js:880:15)
2021-12-08T23:19:08:     at Module.Hook._require.Module.require (C:\Users\84976\AppData\Roaming\npm\node_modules\pm2\node_modules\require-in-the-middle\index.js:61:29)
2021-12-08T23:19:08:     at require (internal/modules/cjs/helpers.js:88:18)
2021-12-08T23:19:08:     at Object.<anonymous> (E:\WNC-BE\dist\service\user.service.js:12:16)
2021-12-08T23:19:08:     at Module._compile (internal/modules/cjs/loader.js:1063:30)
2021-12-08T23:19:08:     at Object.Module._extensions..js (internal/modules/cjs/loader.js:1092:10)
2021-12-08T23:19:08:     at Module.load (internal/modules/cjs/loader.js:928:32)
2021-12-08T23:19:08:     at Function.Module._load (internal/modules/cjs/loader.js:769:14)
2021-12-08T23:19:08:     at Module.require (internal/modules/cjs/loader.js:952:19)
2021-12-08T23:19:08:     at Module.Hook._require.Module.require (C:\Users\84976\AppData\Roaming\npm\node_modules\pm2\node_modules\require-in-the-middle\index.js:80:39) {
2021-12-08T23:19:08:   code: 'MODULE_NOT_FOUND',
2021-12-08T23:19:08:   requireStack: [
2021-12-08T23:19:08:     'E:\\WNC-BE\\dist\\service\\user.service.js',
2021-12-08T23:19:08:     'E:\\WNC-BE\\dist\\controller\\user.controller.js',
2021-12-08T23:19:08:     'E:\\WNC-BE\\dist\\routes\\user.route.js',
2021-12-08T23:19:08:     'E:\\WNC-BE\\dist\\routes\\index.js',
2021-12-08T23:19:08:     'E:\\WNC-BE\\dist\\app.js'
2021-12-08T23:19:08:   ]
2021-12-08T23:19:08: }
2021-12-08T23:19:11: Error: Cannot find module 'bcrypt'
2021-12-08T23:19:11: Require stack:
2021-12-08T23:19:11: - E:\WNC-BE\dist\service\user.service.js
2021-12-08T23:19:11: - E:\WNC-BE\dist\controller\user.controller.js
2021-12-08T23:19:11: - E:\WNC-BE\dist\routes\user.route.js
2021-12-08T23:19:11: - E:\WNC-BE\dist\routes\index.js
2021-12-08T23:19:11: - E:\WNC-BE\dist\app.js
2021-12-08T23:19:11:     at Function.Module._resolveFilename (internal/modules/cjs/loader.js:880:15)
2021-12-08T23:19:11:     at Module.Hook._require.Module.require (C:\Users\84976\AppData\Roaming\npm\node_modules\pm2\node_modules\require-in-the-middle\index.js:61:29)
2021-12-08T23:19:11:     at require (internal/modules/cjs/helpers.js:88:18)
2021-12-08T23:19:11:     at Object.<anonymous> (E:\WNC-BE\dist\service\user.service.js:12:16)
2021-12-08T23:19:11:     at Module._compile (internal/modules/cjs/loader.js:1063:30)
2021-12-08T23:19:11:     at Object.Module._extensions..js (internal/modules/cjs/loader.js:1092:10)
2021-12-08T23:19:11:     at Module.load (internal/modules/cjs/loader.js:928:32)
2021-12-08T23:19:11:     at Function.Module._load (internal/modules/cjs/loader.js:769:14)
2021-12-08T23:19:11:     at Module.require (internal/modules/cjs/loader.js:952:19)
2021-12-08T23:19:11:     at Module.Hook._require.Module.require (C:\Users\84976\AppData\Roaming\npm\node_modules\pm2\node_modules\require-in-the-middle\index.js:80:39) {
2021-12-08T23:19:11:   code: 'MODULE_NOT_FOUND',
2021-12-08T23:19:11:   requireStack: [
2021-12-08T23:19:11:     'E:\\WNC-BE\\dist\\service\\user.service.js',
2021-12-08T23:19:11:     'E:\\WNC-BE\\dist\\controller\\user.controller.js',
2021-12-08T23:19:11:     'E:\\WNC-BE\\dist\\routes\\user.route.js',
2021-12-08T23:19:11:     'E:\\WNC-BE\\dist\\routes\\index.js',
2021-12-08T23:19:11:     'E:\\WNC-BE\\dist\\app.js'
2021-12-08T23:19:11:   ]
2021-12-08T23:19:11: }
2021-12-08T23:19:14: Error: Cannot find module 'bcrypt'
2021-12-08T23:19:14: Require stack:
2021-12-08T23:19:14: - E:\WNC-BE\dist\service\user.service.js
2021-12-08T23:19:14: - E:\WNC-BE\dist\controller\user.controller.js
2021-12-08T23:19:14: - E:\WNC-BE\dist\routes\user.route.js
2021-12-08T23:19:14: - E:\WNC-BE\dist\routes\index.js
2021-12-08T23:19:14: - E:\WNC-BE\dist\app.js
2021-12-08T23:19:14:     at Function.Module._resolveFilename (internal/modules/cjs/loader.js:880:15)
2021-12-08T23:19:14:     at Module.Hook._require.Module.require (C:\Users\84976\AppData\Roaming\npm\node_modules\pm2\node_modules\require-in-the-middle\index.js:61:29)
2021-12-08T23:19:14:     at require (internal/modules/cjs/helpers.js:88:18)
2021-12-08T23:19:14:     at Object.<anonymous> (E:\WNC-BE\dist\service\user.service.js:12:16)
2021-12-08T23:19:14:     at Module._compile (internal/modules/cjs/loader.js:1063:30)
2021-12-08T23:19:14:     at Object.Module._extensions..js (internal/modules/cjs/loader.js:1092:10)
2021-12-08T23:19:14:     at Module.load (internal/modules/cjs/loader.js:928:32)
2021-12-08T23:19:14:     at Function.Module._load (internal/modules/cjs/loader.js:769:14)
2021-12-08T23:19:14:     at Module.require (internal/modules/cjs/loader.js:952:19)
2021-12-08T23:19:14:     at Module.Hook._require.Module.require (C:\Users\84976\AppData\Roaming\npm\node_modules\pm2\node_modules\require-in-the-middle\index.js:80:39) {
2021-12-08T23:19:14:   code: 'MODULE_NOT_FOUND',
2021-12-08T23:19:14:   requireStack: [
2021-12-08T23:19:14:     'E:\\WNC-BE\\dist\\service\\user.service.js',
2021-12-08T23:19:14:     'E:\\WNC-BE\\dist\\controller\\user.controller.js',
2021-12-08T23:19:14:     'E:\\WNC-BE\\dist\\routes\\user.route.js',
2021-12-08T23:19:14:     'E:\\WNC-BE\\dist\\routes\\index.js',
2021-12-08T23:19:14:     'E:\\WNC-BE\\dist\\app.js'
2021-12-08T23:19:14:   ]
2021-12-08T23:19:14: }
2021-12-08T23:19:17: Error: Cannot find module 'bcrypt'
2021-12-08T23:19:17: Require stack:
2021-12-08T23:19:17: - E:\WNC-BE\dist\service\user.service.js
2021-12-08T23:19:17: - E:\WNC-BE\dist\controller\user.controller.js
2021-12-08T23:19:17: - E:\WNC-BE\dist\routes\user.route.js
2021-12-08T23:19:17: - E:\WNC-BE\dist\routes\index.js
2021-12-08T23:19:17: - E:\WNC-BE\dist\app.js
2021-12-08T23:19:17:     at Function.Module._resolveFilename (internal/modules/cjs/loader.js:880:15)
2021-12-08T23:19:17:     at Module.Hook._require.Module.require (C:\Users\84976\AppData\Roaming\npm\node_modules\pm2\node_modules\require-in-the-middle\index.js:61:29)
2021-12-08T23:19:17:     at require (internal/modules/cjs/helpers.js:88:18)
2021-12-08T23:19:17:     at Object.<anonymous> (E:\WNC-BE\dist\service\user.service.js:12:16)
2021-12-08T23:19:17:     at Module._compile (internal/modules/cjs/loader.js:1063:30)
2021-12-08T23:19:17:     at Object.Module._extensions..js (internal/modules/cjs/loader.js:1092:10)
2021-12-08T23:19:17:     at Module.load (internal/modules/cjs/loader.js:928:32)
2021-12-08T23:19:17:     at Function.Module._load (internal/modules/cjs/loader.js:769:14)
2021-12-08T23:19:17:     at Module.require (internal/modules/cjs/loader.js:952:19)
2021-12-08T23:19:17:     at Module.Hook._require.Module.require (C:\Users\84976\AppData\Roaming\npm\node_modules\pm2\node_modules\require-in-the-middle\index.js:80:39) {
2021-12-08T23:19:17:   code: 'MODULE_NOT_FOUND',
2021-12-08T23:19:17:   requireStack: [
2021-12-08T23:19:17:     'E:\\WNC-BE\\dist\\service\\user.service.js',
2021-12-08T23:19:17:     'E:\\WNC-BE\\dist\\controller\\user.controller.js',
2021-12-08T23:19:17:     'E:\\WNC-BE\\dist\\routes\\user.route.js',
2021-12-08T23:19:17:     'E:\\WNC-BE\\dist\\routes\\index.js',
2021-12-08T23:19:17:     'E:\\WNC-BE\\dist\\app.js'
2021-12-08T23:19:17:   ]
2021-12-08T23:19:17: }
2021-12-08T23:19:19: Error: Cannot find module 'bcrypt'
2021-12-08T23:19:19: Require stack:
2021-12-08T23:19:19: - E:\WNC-BE\dist\service\user.service.js
2021-12-08T23:19:19: - E:\WNC-BE\dist\controller\user.controller.js
2021-12-08T23:19:19: - E:\WNC-BE\dist\routes\user.route.js
2021-12-08T23:19:19: - E:\WNC-BE\dist\routes\index.js
2021-12-08T23:19:19: - E:\WNC-BE\dist\app.js
2021-12-08T23:19:19:     at Function.Module._resolveFilename (internal/modules/cjs/loader.js:880:15)
2021-12-08T23:19:19:     at Module.Hook._require.Module.require (C:\Users\84976\AppData\Roaming\npm\node_modules\pm2\node_modules\require-in-the-middle\index.js:61:29)
2021-12-08T23:19:19:     at require (internal/modules/cjs/helpers.js:88:18)
2021-12-08T23:19:19:     at Object.<anonymous> (E:\WNC-BE\dist\service\user.service.js:12:16)
2021-12-08T23:19:19:     at Module._compile (internal/modules/cjs/loader.js:1063:30)
2021-12-08T23:19:19:     at Object.Module._extensions..js (internal/modules/cjs/loader.js:1092:10)
2021-12-08T23:19:19:     at Module.load (internal/modules/cjs/loader.js:928:32)
2021-12-08T23:19:19:     at Function.Module._load (internal/modules/cjs/loader.js:769:14)
2021-12-08T23:19:19:     at Module.require (internal/modules/cjs/loader.js:952:19)
2021-12-08T23:19:19:     at Module.Hook._require.Module.require (C:\Users\84976\AppData\Roaming\npm\node_modules\pm2\node_modules\require-in-the-middle\index.js:80:39) {
2021-12-08T23:19:19:   code: 'MODULE_NOT_FOUND',
2021-12-08T23:19:19:   requireStack: [
2021-12-08T23:19:19:     'E:\\WNC-BE\\dist\\service\\user.service.js',
2021-12-08T23:19:19:     'E:\\WNC-BE\\dist\\controller\\user.controller.js',
2021-12-08T23:19:19:     'E:\\WNC-BE\\dist\\routes\\user.route.js',
2021-12-08T23:19:19:     'E:\\WNC-BE\\dist\\routes\\index.js',
2021-12-08T23:19:19:     'E:\\WNC-BE\\dist\\app.js'
2021-12-08T23:19:19:   ]
2021-12-08T23:19:19: }
2021-12-08T23:19:23: Error: Cannot find module 'bcrypt'
2021-12-08T23:19:23: Require stack:
2021-12-08T23:19:23: - E:\WNC-BE\dist\service\user.service.js
2021-12-08T23:19:23: - E:\WNC-BE\dist\controller\user.controller.js
2021-12-08T23:19:23: - E:\WNC-BE\dist\routes\user.route.js
2021-12-08T23:19:23: - E:\WNC-BE\dist\routes\index.js
2021-12-08T23:19:23: - E:\WNC-BE\dist\app.js
2021-12-08T23:19:23:     at Function.Module._resolveFilename (internal/modules/cjs/loader.js:880:15)
2021-12-08T23:19:23:     at Module.Hook._require.Module.require (C:\Users\84976\AppData\Roaming\npm\node_modules\pm2\node_modules\require-in-the-middle\index.js:61:29)
2021-12-08T23:19:23:     at require (internal/modules/cjs/helpers.js:88:18)
2021-12-08T23:19:23:     at Object.<anonymous> (E:\WNC-BE\dist\service\user.service.js:12:16)
2021-12-08T23:19:23:     at Module._compile (internal/modules/cjs/loader.js:1063:30)
2021-12-08T23:19:23:     at Object.Module._extensions..js (internal/modules/cjs/loader.js:1092:10)
2021-12-08T23:19:23:     at Module.load (internal/modules/cjs/loader.js:928:32)
2021-12-08T23:19:23:     at Function.Module._load (internal/modules/cjs/loader.js:769:14)
2021-12-08T23:19:23:     at Module.require (internal/modules/cjs/loader.js:952:19)
2021-12-08T23:19:23:     at Module.Hook._require.Module.require (C:\Users\84976\AppData\Roaming\npm\node_modules\pm2\node_modules\require-in-the-middle\index.js:80:39) {
2021-12-08T23:19:23:   code: 'MODULE_NOT_FOUND',
2021-12-08T23:19:23:   requireStack: [
2021-12-08T23:19:23:     'E:\\WNC-BE\\dist\\service\\user.service.js',
2021-12-08T23:19:23:     'E:\\WNC-BE\\dist\\controller\\user.controller.js',
2021-12-08T23:19:23:     'E:\\WNC-BE\\dist\\routes\\user.route.js',
2021-12-08T23:19:23:     'E:\\WNC-BE\\dist\\routes\\index.js',
2021-12-08T23:19:23:     'E:\\WNC-BE\\dist\\app.js'
2021-12-08T23:19:23:   ]
2021-12-08T23:19:23: }
2021-12-08T23:21:11: Error: Cannot find module 'nodemailer'
2021-12-08T23:21:11: Require stack:
2021-12-08T23:21:11: - E:\WNC-BE\dist\mailer\mailer.js
2021-12-08T23:21:11: - E:\WNC-BE\dist\controller\user.controller.js
2021-12-08T23:21:11: - E:\WNC-BE\dist\routes\user.route.js
2021-12-08T23:21:11: - E:\WNC-BE\dist\routes\index.js
2021-12-08T23:21:11: - E:\WNC-BE\dist\app.js
2021-12-08T23:21:11:     at Function.Module._resolveFilename (internal/modules/cjs/loader.js:880:15)
2021-12-08T23:21:11:     at Module.Hook._require.Module.require (C:\Users\84976\AppData\Roaming\npm\node_modules\pm2\node_modules\require-in-the-middle\index.js:61:29)
2021-12-08T23:21:11:     at require (internal/modules/cjs/helpers.js:88:18)
2021-12-08T23:21:11:     at Object.<anonymous> (E:\WNC-BE\dist\mailer\mailer.js:3:20)
2021-12-08T23:21:11:     at Module._compile (internal/modules/cjs/loader.js:1063:30)
2021-12-08T23:21:11:     at Object.Module._extensions..js (internal/modules/cjs/loader.js:1092:10)
2021-12-08T23:21:11:     at Module.load (internal/modules/cjs/loader.js:928:32)
2021-12-08T23:21:11:     at Function.Module._load (internal/modules/cjs/loader.js:769:14)
2021-12-08T23:21:11:     at Module.require (internal/modules/cjs/loader.js:952:19)
2021-12-08T23:21:11:     at Module.Hook._require.Module.require (C:\Users\84976\AppData\Roaming\npm\node_modules\pm2\node_modules\require-in-the-middle\index.js:80:39) {
2021-12-08T23:21:11:   code: 'MODULE_NOT_FOUND',
2021-12-08T23:21:11:   requireStack: [
2021-12-08T23:21:11:     'E:\\WNC-BE\\dist\\mailer\\mailer.js',
2021-12-08T23:21:11:     'E:\\WNC-BE\\dist\\controller\\user.controller.js',
2021-12-08T23:21:11:     'E:\\WNC-BE\\dist\\routes\\user.route.js',
2021-12-08T23:21:11:     'E:\\WNC-BE\\dist\\routes\\index.js',
2021-12-08T23:21:11:     'E:\\WNC-BE\\dist\\app.js'
2021-12-08T23:21:11:   ]
2021-12-08T23:21:11: }
2021-12-08T23:21:13: Error: Cannot find module 'nodemailer'
2021-12-08T23:21:13: Require stack:
2021-12-08T23:21:13: - E:\WNC-BE\dist\mailer\mailer.js
2021-12-08T23:21:13: - E:\WNC-BE\dist\controller\user.controller.js
2021-12-08T23:21:13: - E:\WNC-BE\dist\routes\user.route.js
2021-12-08T23:21:13: - E:\WNC-BE\dist\routes\index.js
2021-12-08T23:21:13: - E:\WNC-BE\dist\app.js
2021-12-08T23:21:13:     at Function.Module._resolveFilename (internal/modules/cjs/loader.js:880:15)
2021-12-08T23:21:13:     at Module.Hook._require.Module.require (C:\Users\84976\AppData\Roaming\npm\node_modules\pm2\node_modules\require-in-the-middle\index.js:61:29)
2021-12-08T23:21:13:     at require (internal/modules/cjs/helpers.js:88:18)
2021-12-08T23:21:13:     at Object.<anonymous> (E:\WNC-BE\dist\mailer\mailer.js:3:20)
2021-12-08T23:21:13:     at Module._compile (internal/modules/cjs/loader.js:1063:30)
2021-12-08T23:21:13:     at Object.Module._extensions..js (internal/modules/cjs/loader.js:1092:10)
2021-12-08T23:21:13:     at Module.load (internal/modules/cjs/loader.js:928:32)
2021-12-08T23:21:13:     at Function.Module._load (internal/modules/cjs/loader.js:769:14)
2021-12-08T23:21:13:     at Module.require (internal/modules/cjs/loader.js:952:19)
2021-12-08T23:21:13:     at Module.Hook._require.Module.require (C:\Users\84976\AppData\Roaming\npm\node_modules\pm2\node_modules\require-in-the-middle\index.js:80:39) {
2021-12-08T23:21:13:   code: 'MODULE_NOT_FOUND',
2021-12-08T23:21:13:   requireStack: [
2021-12-08T23:21:13:     'E:\\WNC-BE\\dist\\mailer\\mailer.js',
2021-12-08T23:21:13:     'E:\\WNC-BE\\dist\\controller\\user.controller.js',
2021-12-08T23:21:13:     'E:\\WNC-BE\\dist\\routes\\user.route.js',
2021-12-08T23:21:13:     'E:\\WNC-BE\\dist\\routes\\index.js',
2021-12-08T23:21:13:     'E:\\WNC-BE\\dist\\app.js'
2021-12-08T23:21:13:   ]
2021-12-08T23:21:13: }
2021-12-08T23:21:16: Error: Cannot find module 'nodemailer'
2021-12-08T23:21:16: Require stack:
2021-12-08T23:21:16: - E:\WNC-BE\dist\mailer\mailer.js
2021-12-08T23:21:16: - E:\WNC-BE\dist\controller\user.controller.js
2021-12-08T23:21:16: - E:\WNC-BE\dist\routes\user.route.js
2021-12-08T23:21:16: - E:\WNC-BE\dist\routes\index.js
2021-12-08T23:21:16: - E:\WNC-BE\dist\app.js
2021-12-08T23:21:16:     at Function.Module._resolveFilename (internal/modules/cjs/loader.js:880:15)
2021-12-08T23:21:16:     at Module.Hook._require.Module.require (C:\Users\84976\AppData\Roaming\npm\node_modules\pm2\node_modules\require-in-the-middle\index.js:61:29)
2021-12-08T23:21:16:     at require (internal/modules/cjs/helpers.js:88:18)
2021-12-08T23:21:16:     at Object.<anonymous> (E:\WNC-BE\dist\mailer\mailer.js:3:20)
2021-12-08T23:21:16:     at Module._compile (internal/modules/cjs/loader.js:1063:30)
2021-12-08T23:21:16:     at Object.Module._extensions..js (internal/modules/cjs/loader.js:1092:10)
2021-12-08T23:21:16:     at Module.load (internal/modules/cjs/loader.js:928:32)
2021-12-08T23:21:16:     at Function.Module._load (internal/modules/cjs/loader.js:769:14)
2021-12-08T23:21:16:     at Module.require (internal/modules/cjs/loader.js:952:19)
2021-12-08T23:21:16:     at Module.Hook._require.Module.require (C:\Users\84976\AppData\Roaming\npm\node_modules\pm2\node_modules\require-in-the-middle\index.js:80:39) {
2021-12-08T23:21:16:   code: 'MODULE_NOT_FOUND',
2021-12-08T23:21:16:   requireStack: [
2021-12-08T23:21:16:     'E:\\WNC-BE\\dist\\mailer\\mailer.js',
2021-12-08T23:21:16:     'E:\\WNC-BE\\dist\\controller\\user.controller.js',
2021-12-08T23:21:16:     'E:\\WNC-BE\\dist\\routes\\user.route.js',
2021-12-08T23:21:16:     'E:\\WNC-BE\\dist\\routes\\index.js',
2021-12-08T23:21:16:     'E:\\WNC-BE\\dist\\app.js'
2021-12-08T23:21:16:   ]
2021-12-08T23:21:16: }
2021-12-08T23:21:19: Error: Cannot find module 'nodemailer'
2021-12-08T23:21:19: Require stack:
2021-12-08T23:21:19: - E:\WNC-BE\dist\mailer\mailer.js
2021-12-08T23:21:19: - E:\WNC-BE\dist\controller\user.controller.js
2021-12-08T23:21:19: - E:\WNC-BE\dist\routes\user.route.js
2021-12-08T23:21:19: - E:\WNC-BE\dist\routes\index.js
2021-12-08T23:21:19: - E:\WNC-BE\dist\app.js
2021-12-08T23:21:19:     at Function.Module._resolveFilename (internal/modules/cjs/loader.js:880:15)
2021-12-08T23:21:19:     at Module.Hook._require.Module.require (C:\Users\84976\AppData\Roaming\npm\node_modules\pm2\node_modules\require-in-the-middle\index.js:61:29)
2021-12-08T23:21:19:     at require (internal/modules/cjs/helpers.js:88:18)
2021-12-08T23:21:19:     at Object.<anonymous> (E:\WNC-BE\dist\mailer\mailer.js:3:20)
2021-12-08T23:21:19:     at Module._compile (internal/modules/cjs/loader.js:1063:30)
2021-12-08T23:21:19:     at Object.Module._extensions..js (internal/modules/cjs/loader.js:1092:10)
2021-12-08T23:21:19:     at Module.load (internal/modules/cjs/loader.js:928:32)
2021-12-08T23:21:19:     at Function.Module._load (internal/modules/cjs/loader.js:769:14)
2021-12-08T23:21:19:     at Module.require (internal/modules/cjs/loader.js:952:19)
2021-12-08T23:21:19:     at Module.Hook._require.Module.require (C:\Users\84976\AppData\Roaming\npm\node_modules\pm2\node_modules\require-in-the-middle\index.js:80:39) {
2021-12-08T23:21:19:   code: 'MODULE_NOT_FOUND',
2021-12-08T23:21:19:   requireStack: [
2021-12-08T23:21:19:     'E:\\WNC-BE\\dist\\mailer\\mailer.js',
2021-12-08T23:21:19:     'E:\\WNC-BE\\dist\\controller\\user.controller.js',
2021-12-08T23:21:19:     'E:\\WNC-BE\\dist\\routes\\user.route.js',
2021-12-08T23:21:19:     'E:\\WNC-BE\\dist\\routes\\index.js',
2021-12-08T23:21:19:     'E:\\WNC-BE\\dist\\app.js'
2021-12-08T23:21:19:   ]
2021-12-08T23:21:19: }
2021-12-08T23:21:22: Error: Cannot find module 'nodemailer'
2021-12-08T23:21:22: Require stack:
2021-12-08T23:21:22: - E:\WNC-BE\dist\mailer\mailer.js
2021-12-08T23:21:22: - E:\WNC-BE\dist\controller\user.controller.js
2021-12-08T23:21:22: - E:\WNC-BE\dist\routes\user.route.js
2021-12-08T23:21:22: - E:\WNC-BE\dist\routes\index.js
2021-12-08T23:21:22: - E:\WNC-BE\dist\app.js
2021-12-08T23:21:22:     at Function.Module._resolveFilename (internal/modules/cjs/loader.js:880:15)
2021-12-08T23:21:22:     at Module.Hook._require.Module.require (C:\Users\84976\AppData\Roaming\npm\node_modules\pm2\node_modules\require-in-the-middle\index.js:61:29)
2021-12-08T23:21:22:     at require (internal/modules/cjs/helpers.js:88:18)
2021-12-08T23:21:22:     at Object.<anonymous> (E:\WNC-BE\dist\mailer\mailer.js:3:20)
2021-12-08T23:21:22:     at Module._compile (internal/modules/cjs/loader.js:1063:30)
2021-12-08T23:21:22:     at Object.Module._extensions..js (internal/modules/cjs/loader.js:1092:10)
2021-12-08T23:21:22:     at Module.load (internal/modules/cjs/loader.js:928:32)
2021-12-08T23:21:22:     at Function.Module._load (internal/modules/cjs/loader.js:769:14)
2021-12-08T23:21:22:     at Module.require (internal/modules/cjs/loader.js:952:19)
2021-12-08T23:21:22:     at Module.Hook._require.Module.require (C:\Users\84976\AppData\Roaming\npm\node_modules\pm2\node_modules\require-in-the-middle\index.js:80:39) {
2021-12-08T23:21:22:   code: 'MODULE_NOT_FOUND',
2021-12-08T23:21:22:   requireStack: [
2021-12-08T23:21:22:     'E:\\WNC-BE\\dist\\mailer\\mailer.js',
2021-12-08T23:21:22:     'E:\\WNC-BE\\dist\\controller\\user.controller.js',
2021-12-08T23:21:22:     'E:\\WNC-BE\\dist\\routes\\user.route.js',
2021-12-08T23:21:22:     'E:\\WNC-BE\\dist\\routes\\index.js',
2021-12-08T23:21:22:     'E:\\WNC-BE\\dist\\app.js'
2021-12-08T23:21:22:   ]
2021-12-08T23:21:22: }
2021-12-08T23:22:34: Server listen at 3000
2021-12-08T23:22:34: connect to mongoDB
2021-12-08T23:24:47: Server listen at 3000
2021-12-08T23:24:48: connect to mongoDB
2022-01-04T23:58:48: TypeError: router.Delete is not a function
2022-01-04T23:58:48:     at Object.<anonymous> (E:\WNC-BE\dist\routes\product.route.js:13:8)
2022-01-04T23:58:48:     at Module._compile (internal/modules/cjs/loader.js:1063:30)
2022-01-04T23:58:48:     at Object.Module._extensions..js (internal/modules/cjs/loader.js:1092:10)
2022-01-04T23:58:48:     at Module.load (internal/modules/cjs/loader.js:928:32)
2022-01-04T23:58:48:     at Function.Module._load (internal/modules/cjs/loader.js:769:14)
2022-01-04T23:58:48:     at Module.require (internal/modules/cjs/loader.js:952:19)
2022-01-04T23:58:48:     at Module.Hook._require.Module.require (C:\Users\84976\AppData\Roaming\npm\node_modules\pm2\node_modules\require-in-the-middle\index.js:80:39)
2022-01-04T23:58:48:     at require (internal/modules/cjs/helpers.js:88:18)
2022-01-04T23:58:48:     at Object.<anonymous> (E:\WNC-BE\dist\routes\index.js:7:41)
2022-01-04T23:58:48:     at Module._compile (internal/modules/cjs/loader.js:1063:30)
2022-01-04T23:58:50: TypeError: router.Delete is not a function
2022-01-04T23:58:50:     at Object.<anonymous> (E:\WNC-BE\dist\routes\product.route.js:13:8)
2022-01-04T23:58:50:     at Module._compile (internal/modules/cjs/loader.js:1063:30)
2022-01-04T23:58:50:     at Object.Module._extensions..js (internal/modules/cjs/loader.js:1092:10)
2022-01-04T23:58:50:     at Module.load (internal/modules/cjs/loader.js:928:32)
2022-01-04T23:58:50:     at Function.Module._load (internal/modules/cjs/loader.js:769:14)
2022-01-04T23:58:50:     at Module.require (internal/modules/cjs/loader.js:952:19)
2022-01-04T23:58:50:     at Module.Hook._require.Module.require (C:\Users\84976\AppData\Roaming\npm\node_modules\pm2\node_modules\require-in-the-middle\index.js:80:39)
2022-01-04T23:58:50:     at require (internal/modules/cjs/helpers.js:88:18)
2022-01-04T23:58:50:     at Object.<anonymous> (E:\WNC-BE\dist\routes\index.js:7:41)
2022-01-04T23:58:50:     at Module._compile (internal/modules/cjs/loader.js:1063:30)
2022-01-04T23:58:52: TypeError: router.Delete is not a function
2022-01-04T23:58:52:     at Object.<anonymous> (E:\WNC-BE\dist\routes\product.route.js:13:8)
2022-01-04T23:58:52:     at Module._compile (internal/modules/cjs/loader.js:1063:30)
2022-01-04T23:58:52:     at Object.Module._extensions..js (internal/modules/cjs/loader.js:1092:10)
2022-01-04T23:58:52:     at Module.load (internal/modules/cjs/loader.js:928:32)
2022-01-04T23:58:52:     at Function.Module._load (internal/modules/cjs/loader.js:769:14)
2022-01-04T23:58:52:     at Module.require (internal/modules/cjs/loader.js:952:19)
2022-01-04T23:58:52:     at Module.Hook._require.Module.require (C:\Users\84976\AppData\Roaming\npm\node_modules\pm2\node_modules\require-in-the-middle\index.js:80:39)
2022-01-04T23:58:52:     at require (internal/modules/cjs/helpers.js:88:18)
2022-01-04T23:58:52:     at Object.<anonymous> (E:\WNC-BE\dist\routes\index.js:7:41)
2022-01-04T23:58:52:     at Module._compile (internal/modules/cjs/loader.js:1063:30)
2022-01-04T23:58:54: TypeError: router.Delete is not a function
2022-01-04T23:58:54:     at Object.<anonymous> (E:\WNC-BE\dist\routes\product.route.js:13:8)
2022-01-04T23:58:54:     at Module._compile (internal/modules/cjs/loader.js:1063:30)
2022-01-04T23:58:54:     at Object.Module._extensions..js (internal/modules/cjs/loader.js:1092:10)
2022-01-04T23:58:54:     at Module.load (internal/modules/cjs/loader.js:928:32)
2022-01-04T23:58:54:     at Function.Module._load (internal/modules/cjs/loader.js:769:14)
2022-01-04T23:58:54:     at Module.require (internal/modules/cjs/loader.js:952:19)
2022-01-04T23:58:54:     at Module.Hook._require.Module.require (C:\Users\84976\AppData\Roaming\npm\node_modules\pm2\node_modules\require-in-the-middle\index.js:80:39)
2022-01-04T23:58:54:     at require (internal/modules/cjs/helpers.js:88:18)
2022-01-04T23:58:54:     at Object.<anonymous> (E:\WNC-BE\dist\routes\index.js:7:41)
2022-01-04T23:58:54:     at Module._compile (internal/modules/cjs/loader.js:1063:30)
2022-01-04T23:58:55: TypeError: router.Delete is not a function
2022-01-04T23:58:55:     at Object.<anonymous> (E:\WNC-BE\dist\routes\product.route.js:13:8)
2022-01-04T23:58:55:     at Module._compile (internal/modules/cjs/loader.js:1063:30)
2022-01-04T23:58:55:     at Object.Module._extensions..js (internal/modules/cjs/loader.js:1092:10)
2022-01-04T23:58:55:     at Module.load (internal/modules/cjs/loader.js:928:32)
2022-01-04T23:58:55:     at Function.Module._load (internal/modules/cjs/loader.js:769:14)
2022-01-04T23:58:55:     at Module.require (internal/modules/cjs/loader.js:952:19)
2022-01-04T23:58:55:     at Module.Hook._require.Module.require (C:\Users\84976\AppData\Roaming\npm\node_modules\pm2\node_modules\require-in-the-middle\index.js:80:39)
2022-01-04T23:58:55:     at require (internal/modules/cjs/helpers.js:88:18)
2022-01-04T23:58:55:     at Object.<anonymous> (E:\WNC-BE\dist\routes\index.js:7:41)
2022-01-04T23:58:55:     at Module._compile (internal/modules/cjs/loader.js:1063:30)
2022-01-04T23:58:57: TypeError: router.Delete is not a function
2022-01-04T23:58:57:     at Object.<anonymous> (E:\WNC-BE\dist\routes\product.route.js:13:8)
2022-01-04T23:58:57:     at Module._compile (internal/modules/cjs/loader.js:1063:30)
2022-01-04T23:58:57:     at Object.Module._extensions..js (internal/modules/cjs/loader.js:1092:10)
2022-01-04T23:58:57:     at Module.load (internal/modules/cjs/loader.js:928:32)
2022-01-04T23:58:57:     at Function.Module._load (internal/modules/cjs/loader.js:769:14)
2022-01-04T23:58:57:     at Module.require (internal/modules/cjs/loader.js:952:19)
2022-01-04T23:58:57:     at Module.Hook._require.Module.require (C:\Users\84976\AppData\Roaming\npm\node_modules\pm2\node_modules\require-in-the-middle\index.js:80:39)
2022-01-04T23:58:57:     at require (internal/modules/cjs/helpers.js:88:18)
2022-01-04T23:58:57:     at Object.<anonymous> (E:\WNC-BE\dist\routes\index.js:7:41)
2022-01-04T23:58:57:     at Module._compile (internal/modules/cjs/loader.js:1063:30)
2022-01-04T23:58:59: TypeError: router.Delete is not a function
2022-01-04T23:58:59:     at Object.<anonymous> (E:\WNC-BE\dist\routes\product.route.js:13:8)
2022-01-04T23:58:59:     at Module._compile (internal/modules/cjs/loader.js:1063:30)
2022-01-04T23:58:59:     at Object.Module._extensions..js (internal/modules/cjs/loader.js:1092:10)
2022-01-04T23:58:59:     at Module.load (internal/modules/cjs/loader.js:928:32)
2022-01-04T23:58:59:     at Function.Module._load (internal/modules/cjs/loader.js:769:14)
2022-01-04T23:58:59:     at Module.require (internal/modules/cjs/loader.js:952:19)
2022-01-04T23:58:59:     at Module.Hook._require.Module.require (C:\Users\84976\AppData\Roaming\npm\node_modules\pm2\node_modules\require-in-the-middle\index.js:80:39)
2022-01-04T23:58:59:     at require (internal/modules/cjs/helpers.js:88:18)
2022-01-04T23:58:59:     at Object.<anonymous> (E:\WNC-BE\dist\routes\index.js:7:41)
2022-01-04T23:58:59:     at Module._compile (internal/modules/cjs/loader.js:1063:30)
2022-01-04T23:59:01: TypeError: router.Delete is not a function
2022-01-04T23:59:01:     at Object.<anonymous> (E:\WNC-BE\dist\routes\product.route.js:13:8)
2022-01-04T23:59:01:     at Module._compile (internal/modules/cjs/loader.js:1063:30)
2022-01-04T23:59:01:     at Object.Module._extensions..js (internal/modules/cjs/loader.js:1092:10)
2022-01-04T23:59:01:     at Module.load (internal/modules/cjs/loader.js:928:32)
2022-01-04T23:59:01:     at Function.Module._load (internal/modules/cjs/loader.js:769:14)
2022-01-04T23:59:01:     at Module.require (internal/modules/cjs/loader.js:952:19)
2022-01-04T23:59:01:     at Module.Hook._require.Module.require (C:\Users\84976\AppData\Roaming\npm\node_modules\pm2\node_modules\require-in-the-middle\index.js:80:39)
2022-01-04T23:59:01:     at require (internal/modules/cjs/helpers.js:88:18)
2022-01-04T23:59:01:     at Object.<anonymous> (E:\WNC-BE\dist\routes\index.js:7:41)
2022-01-04T23:59:01:     at Module._compile (internal/modules/cjs/loader.js:1063:30)
2022-01-05T00:01:18: Server listen at 3000
2022-01-05T00:01:19: connect to mongoDB
2022-01-05T00:06:13: Server listen at 3000
2022-01-05T00:06:13: connect to mongoDB
2022-01-05T00:07:56: Server listen at 3000
2022-01-05T00:07:57: connect to mongoDB
2022-01-05T00:10:48: Server listen at 3000
2022-01-05T00:10:49: connect to mongoDB
2022-01-05T00:12:31: Server listen at 3000
2022-01-05T00:12:32: connect to mongoDB
2022-01-05T00:13:52: Server listen at 3000
2022-01-05T00:13:53: connect to mongoDB
2022-01-05T00:15:55: Server listen at 3000
2022-01-05T00:15:56: connect to mongoDB
2022-01-05T00:16:50: Server listen at 3000
2022-01-05T00:16:51: connect to mongoDB
2022-01-05T00:18:36: Server listen at 3000
2022-01-05T00:18:36: connect to mongoDB
2022-01-05T00:18:41: Error: Arguments must be aggregate pipeline operators
2022-01-05T00:18:41:     at Aggregate.append (E:\WNC-BE\node_modules\mongoose\lib\aggregate.js:145:11)
2022-01-05T00:18:41:     at new Aggregate (E:\WNC-BE\node_modules\mongoose\lib\aggregate.js:58:17)
2022-01-05T00:18:41:     at Function.aggregate (E:\WNC-BE\node_modules\mongoose\lib\model.js:4162:21)
2022-01-05T00:18:41:     at E:\WNC-BE\dist\controller\category.controller.js:17:45
2022-01-05T00:18:41:     at Generator.next (<anonymous>)
2022-01-05T00:18:41:     at E:\WNC-BE\dist\controller\category.controller.js:8:71
2022-01-05T00:18:41:     at new Promise (<anonymous>)
2022-01-05T00:18:41:     at __awaiter (E:\WNC-BE\dist\controller\category.controller.js:4:12)
2022-01-05T00:18:41:     at List (E:\WNC-BE\dist\controller\category.controller.js:15:16)
2022-01-05T00:18:41:     at Layer.handle [as handle_request] (E:\WNC-BE\node_modules\express\lib\router\layer.js:95:5)
2022-01-05T00:22:50: Server listen at 3000
2022-01-05T00:22:50: connect to mongoDB
2022-01-05T00:22:50: MongoInvalidArgumentError: Method "collection.aggregate()" accepts at most two arguments
2022-01-05T00:22:50:     at Collection.aggregate (E:\WNC-BE\node_modules\mongodb\lib\collection.js:367:19)
2022-01-05T00:22:50:     at NativeCollection.<computed> [as aggregate] (E:\WNC-BE\node_modules\mongoose\lib\drivers\node-mongodb-native\collection.js:200:33)
2022-01-05T00:22:50:     at NativeCollection.Collection.doQueue (E:\WNC-BE\node_modules\mongoose\lib\collection.js:135:23)
2022-01-05T00:22:50:     at E:\WNC-BE\node_modules\mongoose\lib\collection.js:82:24
2022-01-05T00:22:50:     at processTicksAndRejections (internal/process/task_queues.js:75:11)
2022-01-05T00:22:52: MongoServerError: Invalid $project :: caused by :: Cannot do exclusion on field ParentID in inclusion projection
2022-01-05T00:22:52:     at MessageStream.messageHandler (E:\WNC-BE\node_modules\mongodb\lib\cmap\connection.js:467:30)
2022-01-05T00:22:52:     at MessageStream.emit (events.js:315:20)
2022-01-05T00:22:52:     at processIncomingData (E:\WNC-BE\node_modules\mongodb\lib\cmap\message_stream.js:108:16)
2022-01-05T00:22:52:     at MessageStream._write (E:\WNC-BE\node_modules\mongodb\lib\cmap\message_stream.js:28:9)
2022-01-05T00:22:52:     at writeOrBuffer (_stream_writable.js:352:12)
2022-01-05T00:22:52:     at MessageStream.Writable.write (_stream_writable.js:303:10)
2022-01-05T00:22:52:     at TLSSocket.ondata (_stream_readable.js:719:22)
2022-01-05T00:22:52:     at TLSSocket.emit (events.js:315:20)
2022-01-05T00:22:52:     at addChunk (_stream_readable.js:309:12)
2022-01-05T00:22:52:     at readableAddChunk (_stream_readable.js:284:9) {
2022-01-05T00:22:52:   operationTime: new Timestamp({ t: 1641316972, i: 2 }),
2022-01-05T00:22:52:   ok: 0,
2022-01-05T00:22:52:   code: 31254,
2022-01-05T00:22:52:   codeName: 'Location31254',
2022-01-05T00:22:52:   '$clusterTime': {
2022-01-05T00:22:52:     clusterTime: new Timestamp({ t: 1641316972, i: 2 }),
2022-01-05T00:22:52:     signature: {
2022-01-05T00:22:52:       hash: new Binary(Buffer.from("aacc80bab54607ec3f215fb852500da2b74ef45c", "hex"), 0),
2022-01-05T00:22:52:       keyId: new Long("7010451680177160199")
2022-01-05T00:22:52:     }
2022-01-05T00:22:52:   }
2022-01-05T00:22:52: }
2022-01-05T00:24:10: Server listen at 3000
2022-01-05T00:24:10: connect to mongoDB
2022-01-05T00:25:15: Server listen at 3000
2022-01-05T00:25:16: connect to mongoDB
2022-01-05T00:26:46: Server listen at 3000
2022-01-05T00:26:46: connect to mongoDB
2022-01-05T00:26:47: MongoServerError: Invalid $project :: caused by :: Cannot do exclusion on field ParentID in inclusion projection
2022-01-05T00:26:47:     at MessageStream.messageHandler (E:\WNC-BE\node_modules\mongodb\lib\cmap\connection.js:467:30)
2022-01-05T00:26:47:     at MessageStream.emit (events.js:315:20)
2022-01-05T00:26:47:     at processIncomingData (E:\WNC-BE\node_modules\mongodb\lib\cmap\message_stream.js:108:16)
2022-01-05T00:26:47:     at MessageStream._write (E:\WNC-BE\node_modules\mongodb\lib\cmap\message_stream.js:28:9)
2022-01-05T00:26:47:     at writeOrBuffer (_stream_writable.js:352:12)
2022-01-05T00:26:47:     at MessageStream.Writable.write (_stream_writable.js:303:10)
2022-01-05T00:26:47:     at TLSSocket.ondata (_stream_readable.js:719:22)
2022-01-05T00:26:47:     at TLSSocket.emit (events.js:315:20)
2022-01-05T00:26:47:     at addChunk (_stream_readable.js:309:12)
2022-01-05T00:26:47:     at readableAddChunk (_stream_readable.js:284:9) {
2022-01-05T00:26:47:   operationTime: new Timestamp({ t: 1641317208, i: 1 }),
2022-01-05T00:26:47:   ok: 0,
2022-01-05T00:26:47:   code: 31254,
2022-01-05T00:26:47:   codeName: 'Location31254',
2022-01-05T00:26:47:   '$clusterTime': {
2022-01-05T00:26:47:     clusterTime: new Timestamp({ t: 1641317208, i: 1 }),
2022-01-05T00:26:47:     signature: {
2022-01-05T00:26:47:       hash: new Binary(Buffer.from("dcd4e3726d3d0228fbd2475b4a960ff429159067", "hex"), 0),
2022-01-05T00:26:47:       keyId: new Long("7010451680177160199")
2022-01-05T00:26:47:     }
2022-01-05T00:26:47:   }
2022-01-05T00:26:47: }
2022-01-05T00:27:45: Server listen at 3000
2022-01-05T00:27:45: connect to mongoDB
2022-01-05T00:27:45: MongoInvalidArgumentError: Method "collection.aggregate()" accepts at most two arguments
2022-01-05T00:27:45:     at Collection.aggregate (E:\WNC-BE\node_modules\mongodb\lib\collection.js:367:19)
2022-01-05T00:27:45:     at NativeCollection.<computed> [as aggregate] (E:\WNC-BE\node_modules\mongoose\lib\drivers\node-mongodb-native\collection.js:200:33)
2022-01-05T00:27:45:     at NativeCollection.Collection.doQueue (E:\WNC-BE\node_modules\mongoose\lib\collection.js:135:23)
2022-01-05T00:27:45:     at E:\WNC-BE\node_modules\mongoose\lib\collection.js:82:24
2022-01-05T00:27:45:     at processTicksAndRejections (internal/process/task_queues.js:75:11)
2022-01-05T19:59:58: Server listen at 3000
2022-01-05T19:59:58: connect to mongoDB
