<<<<<<< HEAD
2021-12-31T15:09:36: MongooseError: Operation `users.findOne()` buffering timed out after 10000ms
2021-12-31T15:09:36:     at Timeout.<anonymous> (C:\Users\84929\app-chat-api\app-chat\node_modules\mongoose\lib\drivers\node-mongodb-native\collection.js:149:23)
2021-12-31T15:09:36:     at listOnTimeout (internal/timers.js:557:17)
2021-12-31T15:09:36:     at processTimers (internal/timers.js:500:7)
2021-12-31T19:02:19: Error [ERR_HTTP_HEADERS_SENT]: Cannot set headers after they are sent to the client
2021-12-31T19:02:19:     at ServerResponse.setHeader (_http_outgoing.js:561:11)
2021-12-31T19:02:19:     at ServerResponse.header (C:\Users\84929\app-chat-api\app-chat\node_modules\express\lib\response.js:771:10)
2021-12-31T19:02:19:     at ServerResponse.contentType (C:\Users\84929\app-chat-api\app-chat\node_modules\express\lib\response.js:599:15)
2021-12-31T19:02:19:     at ServerResponse.sendStatus (C:\Users\84929\app-chat-api\app-chat\node_modules\express\lib\response.js:357:8)
2021-12-31T19:02:19:     at C:\Users\84929\app-chat-api\app-chat\dist\controller\aution.controller.js:29:21
2021-12-31T19:02:19:     at Generator.next (<anonymous>)
2021-12-31T19:02:19:     at fulfilled (C:\Users\84929\app-chat-api\app-chat\dist\controller\aution.controller.js:5:58)
2021-12-31T19:02:19:     at processTicksAndRejections (internal/process/task_queues.js:95:5) {
2021-12-31T19:02:19:   code: 'ERR_HTTP_HEADERS_SENT'
2021-12-31T19:02:19: }
=======
2021-12-08T23:19:05: Error: Cannot find module 'bcrypt'
2021-12-08T23:19:05: Require stack:
2021-12-08T23:19:05: - E:\WNC-BE\dist\service\user.service.js
2021-12-08T23:19:05: - E:\WNC-BE\dist\controller\user.controller.js
2021-12-08T23:19:05: - E:\WNC-BE\dist\routes\user.route.js
2021-12-08T23:19:05: - E:\WNC-BE\dist\routes\index.js
2021-12-08T23:19:05: - E:\WNC-BE\dist\app.js
2021-12-08T23:19:05:     at Function.Module._resolveFilename (internal/modules/cjs/loader.js:880:15)
2021-12-08T23:19:05:     at Module.Hook._require.Module.require (C:\Users\84976\AppData\Roaming\npm\node_modules\pm2\node_modules\require-in-the-middle\index.js:61:29)
2021-12-08T23:19:05:     at require (internal/modules/cjs/helpers.js:88:18)
2021-12-08T23:19:05:     at Object.<anonymous> (E:\WNC-BE\dist\service\user.service.js:12:16)
2021-12-08T23:19:05:     at Module._compile (internal/modules/cjs/loader.js:1063:30)
2021-12-08T23:19:05:     at Object.Module._extensions..js (internal/modules/cjs/loader.js:1092:10)
2021-12-08T23:19:05:     at Module.load (internal/modules/cjs/loader.js:928:32)
2021-12-08T23:19:05:     at Function.Module._load (internal/modules/cjs/loader.js:769:14)
2021-12-08T23:19:05:     at Module.require (internal/modules/cjs/loader.js:952:19)
2021-12-08T23:19:05:     at Module.Hook._require.Module.require (C:\Users\84976\AppData\Roaming\npm\node_modules\pm2\node_modules\require-in-the-middle\index.js:80:39) {
2021-12-08T23:19:05:   code: 'MODULE_NOT_FOUND',
2021-12-08T23:19:05:   requireStack: [
2021-12-08T23:19:05:     'E:\\WNC-BE\\dist\\service\\user.service.js',
2021-12-08T23:19:05:     'E:\\WNC-BE\\dist\\controller\\user.controller.js',
2021-12-08T23:19:05:     'E:\\WNC-BE\\dist\\routes\\user.route.js',
2021-12-08T23:19:05:     'E:\\WNC-BE\\dist\\routes\\index.js',
2021-12-08T23:19:05:     'E:\\WNC-BE\\dist\\app.js'
2021-12-08T23:19:05:   ]
2021-12-08T23:19:05: }
2021-12-08T23:19:08: Error: Cannot find module 'bcrypt'
2021-12-08T23:19:08: Require stack:
2021-12-08T23:19:08: - E:\WNC-BE\dist\service\user.service.js
2021-12-08T23:19:08: - E:\WNC-BE\dist\controller\user.controller.js
2021-12-08T23:19:08: - E:\WNC-BE\dist\routes\user.route.js
2021-12-08T23:19:08: - E:\WNC-BE\dist\routes\index.js
2021-12-08T23:19:08: - E:\WNC-BE\dist\app.js
2021-12-08T23:19:08:     at Function.Module._resolveFilename (internal/modules/cjs/loader.js:880:15)
2021-12-08T23:19:08:     at Module.Hook._require.Module.require (C:\Users\84976\AppData\Roaming\npm\node_modules\pm2\node_modules\require-in-the-middle\index.js:61:29)
2021-12-08T23:19:08:     at require (internal/modules/cjs/helpers.js:88:18)
2021-12-08T23:19:08:     at Object.<anonymous> (E:\WNC-BE\dist\service\user.service.js:12:16)
2021-12-08T23:19:08:     at Module._compile (internal/modules/cjs/loader.js:1063:30)
2021-12-08T23:19:08:     at Object.Module._extensions..js (internal/modules/cjs/loader.js:1092:10)
2021-12-08T23:19:08:     at Module.load (internal/modules/cjs/loader.js:928:32)
2021-12-08T23:19:08:     at Function.Module._load (internal/modules/cjs/loader.js:769:14)
2021-12-08T23:19:08:     at Module.require (internal/modules/cjs/loader.js:952:19)
2021-12-08T23:19:08:     at Module.Hook._require.Module.require (C:\Users\84976\AppData\Roaming\npm\node_modules\pm2\node_modules\require-in-the-middle\index.js:80:39) {
2021-12-08T23:19:08:   code: 'MODULE_NOT_FOUND',
2021-12-08T23:19:08:   requireStack: [
2021-12-08T23:19:08:     'E:\\WNC-BE\\dist\\service\\user.service.js',
2021-12-08T23:19:08:     'E:\\WNC-BE\\dist\\controller\\user.controller.js',
2021-12-08T23:19:08:     'E:\\WNC-BE\\dist\\routes\\user.route.js',
2021-12-08T23:19:08:     'E:\\WNC-BE\\dist\\routes\\index.js',
2021-12-08T23:19:08:     'E:\\WNC-BE\\dist\\app.js'
2021-12-08T23:19:08:   ]
2021-12-08T23:19:08: }
2021-12-08T23:19:11: Error: Cannot find module 'bcrypt'
2021-12-08T23:19:11: Require stack:
2021-12-08T23:19:11: - E:\WNC-BE\dist\service\user.service.js
2021-12-08T23:19:11: - E:\WNC-BE\dist\controller\user.controller.js
2021-12-08T23:19:11: - E:\WNC-BE\dist\routes\user.route.js
2021-12-08T23:19:11: - E:\WNC-BE\dist\routes\index.js
2021-12-08T23:19:11: - E:\WNC-BE\dist\app.js
2021-12-08T23:19:11:     at Function.Module._resolveFilename (internal/modules/cjs/loader.js:880:15)
2021-12-08T23:19:11:     at Module.Hook._require.Module.require (C:\Users\84976\AppData\Roaming\npm\node_modules\pm2\node_modules\require-in-the-middle\index.js:61:29)
2021-12-08T23:19:11:     at require (internal/modules/cjs/helpers.js:88:18)
2021-12-08T23:19:11:     at Object.<anonymous> (E:\WNC-BE\dist\service\user.service.js:12:16)
2021-12-08T23:19:11:     at Module._compile (internal/modules/cjs/loader.js:1063:30)
2021-12-08T23:19:11:     at Object.Module._extensions..js (internal/modules/cjs/loader.js:1092:10)
2021-12-08T23:19:11:     at Module.load (internal/modules/cjs/loader.js:928:32)
2021-12-08T23:19:11:     at Function.Module._load (internal/modules/cjs/loader.js:769:14)
2021-12-08T23:19:11:     at Module.require (internal/modules/cjs/loader.js:952:19)
2021-12-08T23:19:11:     at Module.Hook._require.Module.require (C:\Users\84976\AppData\Roaming\npm\node_modules\pm2\node_modules\require-in-the-middle\index.js:80:39) {
2021-12-08T23:19:11:   code: 'MODULE_NOT_FOUND',
2021-12-08T23:19:11:   requireStack: [
2021-12-08T23:19:11:     'E:\\WNC-BE\\dist\\service\\user.service.js',
2021-12-08T23:19:11:     'E:\\WNC-BE\\dist\\controller\\user.controller.js',
2021-12-08T23:19:11:     'E:\\WNC-BE\\dist\\routes\\user.route.js',
2021-12-08T23:19:11:     'E:\\WNC-BE\\dist\\routes\\index.js',
2021-12-08T23:19:11:     'E:\\WNC-BE\\dist\\app.js'
2021-12-08T23:19:11:   ]
2021-12-08T23:19:11: }
2021-12-08T23:19:14: Error: Cannot find module 'bcrypt'
2021-12-08T23:19:14: Require stack:
2021-12-08T23:19:14: - E:\WNC-BE\dist\service\user.service.js
2021-12-08T23:19:14: - E:\WNC-BE\dist\controller\user.controller.js
2021-12-08T23:19:14: - E:\WNC-BE\dist\routes\user.route.js
2021-12-08T23:19:14: - E:\WNC-BE\dist\routes\index.js
2021-12-08T23:19:14: - E:\WNC-BE\dist\app.js
2021-12-08T23:19:14:     at Function.Module._resolveFilename (internal/modules/cjs/loader.js:880:15)
2021-12-08T23:19:14:     at Module.Hook._require.Module.require (C:\Users\84976\AppData\Roaming\npm\node_modules\pm2\node_modules\require-in-the-middle\index.js:61:29)
2021-12-08T23:19:14:     at require (internal/modules/cjs/helpers.js:88:18)
2021-12-08T23:19:14:     at Object.<anonymous> (E:\WNC-BE\dist\service\user.service.js:12:16)
2021-12-08T23:19:14:     at Module._compile (internal/modules/cjs/loader.js:1063:30)
2021-12-08T23:19:14:     at Object.Module._extensions..js (internal/modules/cjs/loader.js:1092:10)
2021-12-08T23:19:14:     at Module.load (internal/modules/cjs/loader.js:928:32)
2021-12-08T23:19:14:     at Function.Module._load (internal/modules/cjs/loader.js:769:14)
2021-12-08T23:19:14:     at Module.require (internal/modules/cjs/loader.js:952:19)
2021-12-08T23:19:14:     at Module.Hook._require.Module.require (C:\Users\84976\AppData\Roaming\npm\node_modules\pm2\node_modules\require-in-the-middle\index.js:80:39) {
2021-12-08T23:19:14:   code: 'MODULE_NOT_FOUND',
2021-12-08T23:19:14:   requireStack: [
2021-12-08T23:19:14:     'E:\\WNC-BE\\dist\\service\\user.service.js',
2021-12-08T23:19:14:     'E:\\WNC-BE\\dist\\controller\\user.controller.js',
2021-12-08T23:19:14:     'E:\\WNC-BE\\dist\\routes\\user.route.js',
2021-12-08T23:19:14:     'E:\\WNC-BE\\dist\\routes\\index.js',
2021-12-08T23:19:14:     'E:\\WNC-BE\\dist\\app.js'
2021-12-08T23:19:14:   ]
2021-12-08T23:19:14: }
2021-12-08T23:19:17: Error: Cannot find module 'bcrypt'
2021-12-08T23:19:17: Require stack:
2021-12-08T23:19:17: - E:\WNC-BE\dist\service\user.service.js
2021-12-08T23:19:17: - E:\WNC-BE\dist\controller\user.controller.js
2021-12-08T23:19:17: - E:\WNC-BE\dist\routes\user.route.js
2021-12-08T23:19:17: - E:\WNC-BE\dist\routes\index.js
2021-12-08T23:19:17: - E:\WNC-BE\dist\app.js
2021-12-08T23:19:17:     at Function.Module._resolveFilename (internal/modules/cjs/loader.js:880:15)
2021-12-08T23:19:17:     at Module.Hook._require.Module.require (C:\Users\84976\AppData\Roaming\npm\node_modules\pm2\node_modules\require-in-the-middle\index.js:61:29)
2021-12-08T23:19:17:     at require (internal/modules/cjs/helpers.js:88:18)
2021-12-08T23:19:17:     at Object.<anonymous> (E:\WNC-BE\dist\service\user.service.js:12:16)
2021-12-08T23:19:17:     at Module._compile (internal/modules/cjs/loader.js:1063:30)
2021-12-08T23:19:17:     at Object.Module._extensions..js (internal/modules/cjs/loader.js:1092:10)
2021-12-08T23:19:17:     at Module.load (internal/modules/cjs/loader.js:928:32)
2021-12-08T23:19:17:     at Function.Module._load (internal/modules/cjs/loader.js:769:14)
2021-12-08T23:19:17:     at Module.require (internal/modules/cjs/loader.js:952:19)
2021-12-08T23:19:17:     at Module.Hook._require.Module.require (C:\Users\84976\AppData\Roaming\npm\node_modules\pm2\node_modules\require-in-the-middle\index.js:80:39) {
2021-12-08T23:19:17:   code: 'MODULE_NOT_FOUND',
2021-12-08T23:19:17:   requireStack: [
2021-12-08T23:19:17:     'E:\\WNC-BE\\dist\\service\\user.service.js',
2021-12-08T23:19:17:     'E:\\WNC-BE\\dist\\controller\\user.controller.js',
2021-12-08T23:19:17:     'E:\\WNC-BE\\dist\\routes\\user.route.js',
2021-12-08T23:19:17:     'E:\\WNC-BE\\dist\\routes\\index.js',
2021-12-08T23:19:17:     'E:\\WNC-BE\\dist\\app.js'
2021-12-08T23:19:17:   ]
2021-12-08T23:19:17: }
2021-12-08T23:19:19: Error: Cannot find module 'bcrypt'
2021-12-08T23:19:19: Require stack:
2021-12-08T23:19:19: - E:\WNC-BE\dist\service\user.service.js
2021-12-08T23:19:19: - E:\WNC-BE\dist\controller\user.controller.js
2021-12-08T23:19:19: - E:\WNC-BE\dist\routes\user.route.js
2021-12-08T23:19:19: - E:\WNC-BE\dist\routes\index.js
2021-12-08T23:19:19: - E:\WNC-BE\dist\app.js
2021-12-08T23:19:19:     at Function.Module._resolveFilename (internal/modules/cjs/loader.js:880:15)
2021-12-08T23:19:19:     at Module.Hook._require.Module.require (C:\Users\84976\AppData\Roaming\npm\node_modules\pm2\node_modules\require-in-the-middle\index.js:61:29)
2021-12-08T23:19:19:     at require (internal/modules/cjs/helpers.js:88:18)
2021-12-08T23:19:19:     at Object.<anonymous> (E:\WNC-BE\dist\service\user.service.js:12:16)
2021-12-08T23:19:19:     at Module._compile (internal/modules/cjs/loader.js:1063:30)
2021-12-08T23:19:19:     at Object.Module._extensions..js (internal/modules/cjs/loader.js:1092:10)
2021-12-08T23:19:19:     at Module.load (internal/modules/cjs/loader.js:928:32)
2021-12-08T23:19:19:     at Function.Module._load (internal/modules/cjs/loader.js:769:14)
2021-12-08T23:19:19:     at Module.require (internal/modules/cjs/loader.js:952:19)
2021-12-08T23:19:19:     at Module.Hook._require.Module.require (C:\Users\84976\AppData\Roaming\npm\node_modules\pm2\node_modules\require-in-the-middle\index.js:80:39) {
2021-12-08T23:19:19:   code: 'MODULE_NOT_FOUND',
2021-12-08T23:19:19:   requireStack: [
2021-12-08T23:19:19:     'E:\\WNC-BE\\dist\\service\\user.service.js',
2021-12-08T23:19:19:     'E:\\WNC-BE\\dist\\controller\\user.controller.js',
2021-12-08T23:19:19:     'E:\\WNC-BE\\dist\\routes\\user.route.js',
2021-12-08T23:19:19:     'E:\\WNC-BE\\dist\\routes\\index.js',
2021-12-08T23:19:19:     'E:\\WNC-BE\\dist\\app.js'
2021-12-08T23:19:19:   ]
2021-12-08T23:19:19: }
2021-12-08T23:19:23: Error: Cannot find module 'bcrypt'
2021-12-08T23:19:23: Require stack:
2021-12-08T23:19:23: - E:\WNC-BE\dist\service\user.service.js
2021-12-08T23:19:23: - E:\WNC-BE\dist\controller\user.controller.js
2021-12-08T23:19:23: - E:\WNC-BE\dist\routes\user.route.js
2021-12-08T23:19:23: - E:\WNC-BE\dist\routes\index.js
2021-12-08T23:19:23: - E:\WNC-BE\dist\app.js
2021-12-08T23:19:23:     at Function.Module._resolveFilename (internal/modules/cjs/loader.js:880:15)
2021-12-08T23:19:23:     at Module.Hook._require.Module.require (C:\Users\84976\AppData\Roaming\npm\node_modules\pm2\node_modules\require-in-the-middle\index.js:61:29)
2021-12-08T23:19:23:     at require (internal/modules/cjs/helpers.js:88:18)
2021-12-08T23:19:23:     at Object.<anonymous> (E:\WNC-BE\dist\service\user.service.js:12:16)
2021-12-08T23:19:23:     at Module._compile (internal/modules/cjs/loader.js:1063:30)
2021-12-08T23:19:23:     at Object.Module._extensions..js (internal/modules/cjs/loader.js:1092:10)
2021-12-08T23:19:23:     at Module.load (internal/modules/cjs/loader.js:928:32)
2021-12-08T23:19:23:     at Function.Module._load (internal/modules/cjs/loader.js:769:14)
2021-12-08T23:19:23:     at Module.require (internal/modules/cjs/loader.js:952:19)
2021-12-08T23:19:23:     at Module.Hook._require.Module.require (C:\Users\84976\AppData\Roaming\npm\node_modules\pm2\node_modules\require-in-the-middle\index.js:80:39) {
2021-12-08T23:19:23:   code: 'MODULE_NOT_FOUND',
2021-12-08T23:19:23:   requireStack: [
2021-12-08T23:19:23:     'E:\\WNC-BE\\dist\\service\\user.service.js',
2021-12-08T23:19:23:     'E:\\WNC-BE\\dist\\controller\\user.controller.js',
2021-12-08T23:19:23:     'E:\\WNC-BE\\dist\\routes\\user.route.js',
2021-12-08T23:19:23:     'E:\\WNC-BE\\dist\\routes\\index.js',
2021-12-08T23:19:23:     'E:\\WNC-BE\\dist\\app.js'
2021-12-08T23:19:23:   ]
2021-12-08T23:19:23: }
2021-12-08T23:21:11: Error: Cannot find module 'nodemailer'
2021-12-08T23:21:11: Require stack:
2021-12-08T23:21:11: - E:\WNC-BE\dist\mailer\mailer.js
2021-12-08T23:21:11: - E:\WNC-BE\dist\controller\user.controller.js
2021-12-08T23:21:11: - E:\WNC-BE\dist\routes\user.route.js
2021-12-08T23:21:11: - E:\WNC-BE\dist\routes\index.js
2021-12-08T23:21:11: - E:\WNC-BE\dist\app.js
2021-12-08T23:21:11:     at Function.Module._resolveFilename (internal/modules/cjs/loader.js:880:15)
2021-12-08T23:21:11:     at Module.Hook._require.Module.require (C:\Users\84976\AppData\Roaming\npm\node_modules\pm2\node_modules\require-in-the-middle\index.js:61:29)
2021-12-08T23:21:11:     at require (internal/modules/cjs/helpers.js:88:18)
2021-12-08T23:21:11:     at Object.<anonymous> (E:\WNC-BE\dist\mailer\mailer.js:3:20)
2021-12-08T23:21:11:     at Module._compile (internal/modules/cjs/loader.js:1063:30)
2021-12-08T23:21:11:     at Object.Module._extensions..js (internal/modules/cjs/loader.js:1092:10)
2021-12-08T23:21:11:     at Module.load (internal/modules/cjs/loader.js:928:32)
2021-12-08T23:21:11:     at Function.Module._load (internal/modules/cjs/loader.js:769:14)
2021-12-08T23:21:11:     at Module.require (internal/modules/cjs/loader.js:952:19)
2021-12-08T23:21:11:     at Module.Hook._require.Module.require (C:\Users\84976\AppData\Roaming\npm\node_modules\pm2\node_modules\require-in-the-middle\index.js:80:39) {
2021-12-08T23:21:11:   code: 'MODULE_NOT_FOUND',
2021-12-08T23:21:11:   requireStack: [
2021-12-08T23:21:11:     'E:\\WNC-BE\\dist\\mailer\\mailer.js',
2021-12-08T23:21:11:     'E:\\WNC-BE\\dist\\controller\\user.controller.js',
2021-12-08T23:21:11:     'E:\\WNC-BE\\dist\\routes\\user.route.js',
2021-12-08T23:21:11:     'E:\\WNC-BE\\dist\\routes\\index.js',
2021-12-08T23:21:11:     'E:\\WNC-BE\\dist\\app.js'
2021-12-08T23:21:11:   ]
2021-12-08T23:21:11: }
2021-12-08T23:21:13: Error: Cannot find module 'nodemailer'
2021-12-08T23:21:13: Require stack:
2021-12-08T23:21:13: - E:\WNC-BE\dist\mailer\mailer.js
2021-12-08T23:21:13: - E:\WNC-BE\dist\controller\user.controller.js
2021-12-08T23:21:13: - E:\WNC-BE\dist\routes\user.route.js
2021-12-08T23:21:13: - E:\WNC-BE\dist\routes\index.js
2021-12-08T23:21:13: - E:\WNC-BE\dist\app.js
2021-12-08T23:21:13:     at Function.Module._resolveFilename (internal/modules/cjs/loader.js:880:15)
2021-12-08T23:21:13:     at Module.Hook._require.Module.require (C:\Users\84976\AppData\Roaming\npm\node_modules\pm2\node_modules\require-in-the-middle\index.js:61:29)
2021-12-08T23:21:13:     at require (internal/modules/cjs/helpers.js:88:18)
2021-12-08T23:21:13:     at Object.<anonymous> (E:\WNC-BE\dist\mailer\mailer.js:3:20)
2021-12-08T23:21:13:     at Module._compile (internal/modules/cjs/loader.js:1063:30)
2021-12-08T23:21:13:     at Object.Module._extensions..js (internal/modules/cjs/loader.js:1092:10)
2021-12-08T23:21:13:     at Module.load (internal/modules/cjs/loader.js:928:32)
2021-12-08T23:21:13:     at Function.Module._load (internal/modules/cjs/loader.js:769:14)
2021-12-08T23:21:13:     at Module.require (internal/modules/cjs/loader.js:952:19)
2021-12-08T23:21:13:     at Module.Hook._require.Module.require (C:\Users\84976\AppData\Roaming\npm\node_modules\pm2\node_modules\require-in-the-middle\index.js:80:39) {
2021-12-08T23:21:13:   code: 'MODULE_NOT_FOUND',
2021-12-08T23:21:13:   requireStack: [
2021-12-08T23:21:13:     'E:\\WNC-BE\\dist\\mailer\\mailer.js',
2021-12-08T23:21:13:     'E:\\WNC-BE\\dist\\controller\\user.controller.js',
2021-12-08T23:21:13:     'E:\\WNC-BE\\dist\\routes\\user.route.js',
2021-12-08T23:21:13:     'E:\\WNC-BE\\dist\\routes\\index.js',
2021-12-08T23:21:13:     'E:\\WNC-BE\\dist\\app.js'
2021-12-08T23:21:13:   ]
2021-12-08T23:21:13: }
2021-12-08T23:21:16: Error: Cannot find module 'nodemailer'
2021-12-08T23:21:16: Require stack:
2021-12-08T23:21:16: - E:\WNC-BE\dist\mailer\mailer.js
2021-12-08T23:21:16: - E:\WNC-BE\dist\controller\user.controller.js
2021-12-08T23:21:16: - E:\WNC-BE\dist\routes\user.route.js
2021-12-08T23:21:16: - E:\WNC-BE\dist\routes\index.js
2021-12-08T23:21:16: - E:\WNC-BE\dist\app.js
2021-12-08T23:21:16:     at Function.Module._resolveFilename (internal/modules/cjs/loader.js:880:15)
2021-12-08T23:21:16:     at Module.Hook._require.Module.require (C:\Users\84976\AppData\Roaming\npm\node_modules\pm2\node_modules\require-in-the-middle\index.js:61:29)
2021-12-08T23:21:16:     at require (internal/modules/cjs/helpers.js:88:18)
2021-12-08T23:21:16:     at Object.<anonymous> (E:\WNC-BE\dist\mailer\mailer.js:3:20)
2021-12-08T23:21:16:     at Module._compile (internal/modules/cjs/loader.js:1063:30)
2021-12-08T23:21:16:     at Object.Module._extensions..js (internal/modules/cjs/loader.js:1092:10)
2021-12-08T23:21:16:     at Module.load (internal/modules/cjs/loader.js:928:32)
2021-12-08T23:21:16:     at Function.Module._load (internal/modules/cjs/loader.js:769:14)
2021-12-08T23:21:16:     at Module.require (internal/modules/cjs/loader.js:952:19)
2021-12-08T23:21:16:     at Module.Hook._require.Module.require (C:\Users\84976\AppData\Roaming\npm\node_modules\pm2\node_modules\require-in-the-middle\index.js:80:39) {
2021-12-08T23:21:16:   code: 'MODULE_NOT_FOUND',
2021-12-08T23:21:16:   requireStack: [
2021-12-08T23:21:16:     'E:\\WNC-BE\\dist\\mailer\\mailer.js',
2021-12-08T23:21:16:     'E:\\WNC-BE\\dist\\controller\\user.controller.js',
2021-12-08T23:21:16:     'E:\\WNC-BE\\dist\\routes\\user.route.js',
2021-12-08T23:21:16:     'E:\\WNC-BE\\dist\\routes\\index.js',
2021-12-08T23:21:16:     'E:\\WNC-BE\\dist\\app.js'
2021-12-08T23:21:16:   ]
2021-12-08T23:21:16: }
2021-12-08T23:21:19: Error: Cannot find module 'nodemailer'
2021-12-08T23:21:19: Require stack:
2021-12-08T23:21:19: - E:\WNC-BE\dist\mailer\mailer.js
2021-12-08T23:21:19: - E:\WNC-BE\dist\controller\user.controller.js
2021-12-08T23:21:19: - E:\WNC-BE\dist\routes\user.route.js
2021-12-08T23:21:19: - E:\WNC-BE\dist\routes\index.js
2021-12-08T23:21:19: - E:\WNC-BE\dist\app.js
2021-12-08T23:21:19:     at Function.Module._resolveFilename (internal/modules/cjs/loader.js:880:15)
2021-12-08T23:21:19:     at Module.Hook._require.Module.require (C:\Users\84976\AppData\Roaming\npm\node_modules\pm2\node_modules\require-in-the-middle\index.js:61:29)
2021-12-08T23:21:19:     at require (internal/modules/cjs/helpers.js:88:18)
2021-12-08T23:21:19:     at Object.<anonymous> (E:\WNC-BE\dist\mailer\mailer.js:3:20)
2021-12-08T23:21:19:     at Module._compile (internal/modules/cjs/loader.js:1063:30)
2021-12-08T23:21:19:     at Object.Module._extensions..js (internal/modules/cjs/loader.js:1092:10)
2021-12-08T23:21:19:     at Module.load (internal/modules/cjs/loader.js:928:32)
2021-12-08T23:21:19:     at Function.Module._load (internal/modules/cjs/loader.js:769:14)
2021-12-08T23:21:19:     at Module.require (internal/modules/cjs/loader.js:952:19)
2021-12-08T23:21:19:     at Module.Hook._require.Module.require (C:\Users\84976\AppData\Roaming\npm\node_modules\pm2\node_modules\require-in-the-middle\index.js:80:39) {
2021-12-08T23:21:19:   code: 'MODULE_NOT_FOUND',
2021-12-08T23:21:19:   requireStack: [
2021-12-08T23:21:19:     'E:\\WNC-BE\\dist\\mailer\\mailer.js',
2021-12-08T23:21:19:     'E:\\WNC-BE\\dist\\controller\\user.controller.js',
2021-12-08T23:21:19:     'E:\\WNC-BE\\dist\\routes\\user.route.js',
2021-12-08T23:21:19:     'E:\\WNC-BE\\dist\\routes\\index.js',
2021-12-08T23:21:19:     'E:\\WNC-BE\\dist\\app.js'
2021-12-08T23:21:19:   ]
2021-12-08T23:21:19: }
2021-12-08T23:21:22: Error: Cannot find module 'nodemailer'
2021-12-08T23:21:22: Require stack:
2021-12-08T23:21:22: - E:\WNC-BE\dist\mailer\mailer.js
2021-12-08T23:21:22: - E:\WNC-BE\dist\controller\user.controller.js
2021-12-08T23:21:22: - E:\WNC-BE\dist\routes\user.route.js
2021-12-08T23:21:22: - E:\WNC-BE\dist\routes\index.js
2021-12-08T23:21:22: - E:\WNC-BE\dist\app.js
2021-12-08T23:21:22:     at Function.Module._resolveFilename (internal/modules/cjs/loader.js:880:15)
2021-12-08T23:21:22:     at Module.Hook._require.Module.require (C:\Users\84976\AppData\Roaming\npm\node_modules\pm2\node_modules\require-in-the-middle\index.js:61:29)
2021-12-08T23:21:22:     at require (internal/modules/cjs/helpers.js:88:18)
2021-12-08T23:21:22:     at Object.<anonymous> (E:\WNC-BE\dist\mailer\mailer.js:3:20)
2021-12-08T23:21:22:     at Module._compile (internal/modules/cjs/loader.js:1063:30)
2021-12-08T23:21:22:     at Object.Module._extensions..js (internal/modules/cjs/loader.js:1092:10)
2021-12-08T23:21:22:     at Module.load (internal/modules/cjs/loader.js:928:32)
2021-12-08T23:21:22:     at Function.Module._load (internal/modules/cjs/loader.js:769:14)
2021-12-08T23:21:22:     at Module.require (internal/modules/cjs/loader.js:952:19)
2021-12-08T23:21:22:     at Module.Hook._require.Module.require (C:\Users\84976\AppData\Roaming\npm\node_modules\pm2\node_modules\require-in-the-middle\index.js:80:39) {
2021-12-08T23:21:22:   code: 'MODULE_NOT_FOUND',
2021-12-08T23:21:22:   requireStack: [
2021-12-08T23:21:22:     'E:\\WNC-BE\\dist\\mailer\\mailer.js',
2021-12-08T23:21:22:     'E:\\WNC-BE\\dist\\controller\\user.controller.js',
2021-12-08T23:21:22:     'E:\\WNC-BE\\dist\\routes\\user.route.js',
2021-12-08T23:21:22:     'E:\\WNC-BE\\dist\\routes\\index.js',
2021-12-08T23:21:22:     'E:\\WNC-BE\\dist\\app.js'
2021-12-08T23:21:22:   ]
2021-12-08T23:21:22: }
>>>>>>> 29cd0c38b5b5de6735aab6ff93a630f4c9f3ad00
2022-01-03T15:20:22: MulterError: Unexpected field
2022-01-03T15:20:22:     at wrappedFileFilter (C:\Users\84929\app-chat-api\app-chat\node_modules\multer\index.js:40:19)
2022-01-03T15:20:22:     at Busboy.<anonymous> (C:\Users\84929\app-chat-api\app-chat\node_modules\multer\lib\make-middleware.js:115:7)
2022-01-03T15:20:22:     at Busboy.emit (events.js:400:28)
2022-01-03T15:20:22:     at Busboy.emit (C:\Users\84929\app-chat-api\app-chat\node_modules\busboy\lib\main.js:38:33)
2022-01-03T15:20:22:     at PartStream.<anonymous> (C:\Users\84929\app-chat-api\app-chat\node_modules\busboy\lib\types\multipart.js:213:13)
2022-01-03T15:20:22:     at PartStream.emit (events.js:400:28)
2022-01-03T15:20:22:     at HeaderParser.<anonymous> (C:\Users\84929\app-chat-api\app-chat\node_modules\dicer\lib\Dicer.js:51:16)
2022-01-03T15:20:22:     at HeaderParser.emit (events.js:400:28)
2022-01-03T15:20:22:     at HeaderParser._finish (C:\Users\84929\app-chat-api\app-chat\node_modules\dicer\lib\HeaderParser.js:68:8)
2022-01-03T15:20:22:     at SBMH.<anonymous> (C:\Users\84929\app-chat-api\app-chat\node_modules\dicer\lib\HeaderParser.js:40:12)
2022-01-03T15:42:23: TypeError: res.jon is not a function
2022-01-03T15:42:23:     at C:\Users\84929\app-chat-api\app-chat\dist\controller\upload.controller.js:34:25
2022-01-03T15:42:23:     at Generator.next (<anonymous>)
2022-01-03T15:42:23:     at fulfilled (C:\Users\84929\app-chat-api\app-chat\dist\controller\upload.controller.js:5:58)
2022-01-03T15:42:23:     at processTicksAndRejections (internal/process/task_queues.js:95:5)
2022-01-05T20:47:32: Error: Cannot find module 'swagger.json'
2022-01-05T20:47:32: Require stack:
2022-01-05T20:47:32: - C:\Users\84929\app-chat-api\app-chat\dist\routes\swagger.route.js
2022-01-05T20:47:32: - C:\Users\84929\app-chat-api\app-chat\dist\routes\index.js
2022-01-05T20:47:32: - C:\Users\84929\app-chat-api\app-chat\dist\app.js
2022-01-05T20:47:32:     at Function.Module._resolveFilename (internal/modules/cjs/loader.js:889:15)
2022-01-05T20:47:32:     at Module.Hook._require.Module.require (C:\Users\84929\AppData\Roaming\npm\node_modules\pm2\node_modules\require-in-the-middle\index.js:61:29)
2022-01-05T20:47:32:     at require (internal/modules/cjs/helpers.js:92:18)
2022-01-05T20:47:32:     at Object.<anonymous> (C:\Users\84929\app-chat-api\app-chat\dist\routes\swagger.route.js:5:25)
2022-01-05T20:47:32:     at Module._compile (internal/modules/cjs/loader.js:1072:14)
2022-01-05T20:47:32:     at Object.Module._extensions..js (internal/modules/cjs/loader.js:1101:10)
2022-01-05T20:47:32:     at Module.load (internal/modules/cjs/loader.js:937:32)
2022-01-05T20:47:32:     at Function.Module._load (internal/modules/cjs/loader.js:778:12)
2022-01-05T20:47:32:     at Module.require (internal/modules/cjs/loader.js:961:19)
2022-01-05T20:47:32:     at Module.Hook._require.Module.require (C:\Users\84929\AppData\Roaming\npm\node_modules\pm2\node_modules\require-in-the-middle\index.js:80:39) {
2022-01-05T20:47:32:   code: 'MODULE_NOT_FOUND',
2022-01-05T20:47:32:   requireStack: [
2022-01-05T20:47:32:     'C:\\Users\\84929\\app-chat-api\\app-chat\\dist\\routes\\swagger.route.js',
2022-01-05T20:47:32:     'C:\\Users\\84929\\app-chat-api\\app-chat\\dist\\routes\\index.js',
2022-01-05T20:47:32:     'C:\\Users\\84929\\app-chat-api\\app-chat\\dist\\app.js'
2022-01-05T20:47:32:   ]
2022-01-05T20:47:32: }
2022-01-05T20:47:33: Error: Cannot find module 'swagger.json'
2022-01-05T20:47:33: Require stack:
2022-01-05T20:47:33: - C:\Users\84929\app-chat-api\app-chat\dist\routes\swagger.route.js
2022-01-05T20:47:33: - C:\Users\84929\app-chat-api\app-chat\dist\routes\index.js
2022-01-05T20:47:33: - C:\Users\84929\app-chat-api\app-chat\dist\app.js
2022-01-05T20:47:33:     at Function.Module._resolveFilename (internal/modules/cjs/loader.js:889:15)
2022-01-05T20:47:33:     at Module.Hook._require.Module.require (C:\Users\84929\AppData\Roaming\npm\node_modules\pm2\node_modules\require-in-the-middle\index.js:61:29)
2022-01-05T20:47:33:     at require (internal/modules/cjs/helpers.js:92:18)
2022-01-05T20:47:33:     at Object.<anonymous> (C:\Users\84929\app-chat-api\app-chat\dist\routes\swagger.route.js:5:25)
2022-01-05T20:47:33:     at Module._compile (internal/modules/cjs/loader.js:1072:14)
2022-01-05T20:47:33:     at Object.Module._extensions..js (internal/modules/cjs/loader.js:1101:10)
2022-01-05T20:47:33:     at Module.load (internal/modules/cjs/loader.js:937:32)
2022-01-05T20:47:33:     at Function.Module._load (internal/modules/cjs/loader.js:778:12)
2022-01-05T20:47:33:     at Module.require (internal/modules/cjs/loader.js:961:19)
2022-01-05T20:47:33:     at Module.Hook._require.Module.require (C:\Users\84929\AppData\Roaming\npm\node_modules\pm2\node_modules\require-in-the-middle\index.js:80:39) {
2022-01-05T20:47:33:   code: 'MODULE_NOT_FOUND',
2022-01-05T20:47:33:   requireStack: [
2022-01-05T20:47:33:     'C:\\Users\\84929\\app-chat-api\\app-chat\\dist\\routes\\swagger.route.js',
2022-01-05T20:47:33:     'C:\\Users\\84929\\app-chat-api\\app-chat\\dist\\routes\\index.js',
2022-01-05T20:47:33:     'C:\\Users\\84929\\app-chat-api\\app-chat\\dist\\app.js'
2022-01-05T20:47:33:   ]
2022-01-05T20:47:33: }
2022-01-05T20:47:34: Error: Cannot find module 'swagger.json'
2022-01-05T20:47:34: Require stack:
2022-01-05T20:47:34: - C:\Users\84929\app-chat-api\app-chat\dist\routes\swagger.route.js
2022-01-05T20:47:34: - C:\Users\84929\app-chat-api\app-chat\dist\routes\index.js
2022-01-05T20:47:34: - C:\Users\84929\app-chat-api\app-chat\dist\app.js
2022-01-05T20:47:34:     at Function.Module._resolveFilename (internal/modules/cjs/loader.js:889:15)
2022-01-05T20:47:34:     at Module.Hook._require.Module.require (C:\Users\84929\AppData\Roaming\npm\node_modules\pm2\node_modules\require-in-the-middle\index.js:61:29)
2022-01-05T20:47:34:     at require (internal/modules/cjs/helpers.js:92:18)
2022-01-05T20:47:34:     at Object.<anonymous> (C:\Users\84929\app-chat-api\app-chat\dist\routes\swagger.route.js:5:25)
2022-01-05T20:47:34:     at Module._compile (internal/modules/cjs/loader.js:1072:14)
2022-01-05T20:47:34:     at Object.Module._extensions..js (internal/modules/cjs/loader.js:1101:10)
2022-01-05T20:47:34:     at Module.load (internal/modules/cjs/loader.js:937:32)
2022-01-05T20:47:34:     at Function.Module._load (internal/modules/cjs/loader.js:778:12)
2022-01-05T20:47:34:     at Module.require (internal/modules/cjs/loader.js:961:19)
2022-01-05T20:47:34:     at Module.Hook._require.Module.require (C:\Users\84929\AppData\Roaming\npm\node_modules\pm2\node_modules\require-in-the-middle\index.js:80:39) {
2022-01-05T20:47:34:   code: 'MODULE_NOT_FOUND',
2022-01-05T20:47:34:   requireStack: [
2022-01-05T20:47:34:     'C:\\Users\\84929\\app-chat-api\\app-chat\\dist\\routes\\swagger.route.js',
2022-01-05T20:47:34:     'C:\\Users\\84929\\app-chat-api\\app-chat\\dist\\routes\\index.js',
2022-01-05T20:47:34:     'C:\\Users\\84929\\app-chat-api\\app-chat\\dist\\app.js'
2022-01-05T20:47:34:   ]
2022-01-05T20:47:34: }
2022-01-05T20:47:36: Error: Cannot find module 'swagger.json'
2022-01-05T20:47:36: Require stack:
2022-01-05T20:47:36: - C:\Users\84929\app-chat-api\app-chat\dist\routes\swagger.route.js
2022-01-05T20:47:36: - C:\Users\84929\app-chat-api\app-chat\dist\routes\index.js
2022-01-05T20:47:36: - C:\Users\84929\app-chat-api\app-chat\dist\app.js
2022-01-05T20:47:36:     at Function.Module._resolveFilename (internal/modules/cjs/loader.js:889:15)
2022-01-05T20:47:36:     at Module.Hook._require.Module.require (C:\Users\84929\AppData\Roaming\npm\node_modules\pm2\node_modules\require-in-the-middle\index.js:61:29)
2022-01-05T20:47:36:     at require (internal/modules/cjs/helpers.js:92:18)
2022-01-05T20:47:36:     at Object.<anonymous> (C:\Users\84929\app-chat-api\app-chat\dist\routes\swagger.route.js:5:25)
2022-01-05T20:47:36:     at Module._compile (internal/modules/cjs/loader.js:1072:14)
2022-01-05T20:47:36:     at Object.Module._extensions..js (internal/modules/cjs/loader.js:1101:10)
2022-01-05T20:47:36:     at Module.load (internal/modules/cjs/loader.js:937:32)
2022-01-05T20:47:36:     at Function.Module._load (internal/modules/cjs/loader.js:778:12)
2022-01-05T20:47:36:     at Module.require (internal/modules/cjs/loader.js:961:19)
2022-01-05T20:47:36:     at Module.Hook._require.Module.require (C:\Users\84929\AppData\Roaming\npm\node_modules\pm2\node_modules\require-in-the-middle\index.js:80:39) {
2022-01-05T20:47:36:   code: 'MODULE_NOT_FOUND',
2022-01-05T20:47:36:   requireStack: [
2022-01-05T20:47:36:     'C:\\Users\\84929\\app-chat-api\\app-chat\\dist\\routes\\swagger.route.js',
2022-01-05T20:47:36:     'C:\\Users\\84929\\app-chat-api\\app-chat\\dist\\routes\\index.js',
2022-01-05T20:47:36:     'C:\\Users\\84929\\app-chat-api\\app-chat\\dist\\app.js'
2022-01-05T20:47:36:   ]
2022-01-05T20:47:36: }
2022-01-05T20:47:37: Error: Cannot find module 'swagger.json'
2022-01-05T20:47:37: Require stack:
2022-01-05T20:47:37: - C:\Users\84929\app-chat-api\app-chat\dist\routes\swagger.route.js
2022-01-05T20:47:37: - C:\Users\84929\app-chat-api\app-chat\dist\routes\index.js
2022-01-05T20:47:37: - C:\Users\84929\app-chat-api\app-chat\dist\app.js
2022-01-05T20:47:37:     at Function.Module._resolveFilename (internal/modules/cjs/loader.js:889:15)
2022-01-05T20:47:37:     at Module.Hook._require.Module.require (C:\Users\84929\AppData\Roaming\npm\node_modules\pm2\node_modules\require-in-the-middle\index.js:61:29)
2022-01-05T20:47:37:     at require (internal/modules/cjs/helpers.js:92:18)
2022-01-05T20:47:37:     at Object.<anonymous> (C:\Users\84929\app-chat-api\app-chat\dist\routes\swagger.route.js:5:25)
2022-01-05T20:47:37:     at Module._compile (internal/modules/cjs/loader.js:1072:14)
2022-01-05T20:47:37:     at Object.Module._extensions..js (internal/modules/cjs/loader.js:1101:10)
2022-01-05T20:47:37:     at Module.load (internal/modules/cjs/loader.js:937:32)
2022-01-05T20:47:37:     at Function.Module._load (internal/modules/cjs/loader.js:778:12)
2022-01-05T20:47:37:     at Module.require (internal/modules/cjs/loader.js:961:19)
2022-01-05T20:47:37:     at Module.Hook._require.Module.require (C:\Users\84929\AppData\Roaming\npm\node_modules\pm2\node_modules\require-in-the-middle\index.js:80:39) {
2022-01-05T20:47:37:   code: 'MODULE_NOT_FOUND',
2022-01-05T20:47:37:   requireStack: [
2022-01-05T20:47:37:     'C:\\Users\\84929\\app-chat-api\\app-chat\\dist\\routes\\swagger.route.js',
2022-01-05T20:47:37:     'C:\\Users\\84929\\app-chat-api\\app-chat\\dist\\routes\\index.js',
2022-01-05T20:47:37:     'C:\\Users\\84929\\app-chat-api\\app-chat\\dist\\app.js'
2022-01-05T20:47:37:   ]
2022-01-05T20:47:37: }
2022-01-05T20:47:38: Error: Cannot find module 'swagger.json'
2022-01-05T20:47:38: Require stack:
2022-01-05T20:47:38: - C:\Users\84929\app-chat-api\app-chat\dist\routes\swagger.route.js
2022-01-05T20:47:38: - C:\Users\84929\app-chat-api\app-chat\dist\routes\index.js
2022-01-05T20:47:38: - C:\Users\84929\app-chat-api\app-chat\dist\app.js
2022-01-05T20:47:38:     at Function.Module._resolveFilename (internal/modules/cjs/loader.js:889:15)
2022-01-05T20:47:38:     at Module.Hook._require.Module.require (C:\Users\84929\AppData\Roaming\npm\node_modules\pm2\node_modules\require-in-the-middle\index.js:61:29)
2022-01-05T20:47:38:     at require (internal/modules/cjs/helpers.js:92:18)
2022-01-05T20:47:38:     at Object.<anonymous> (C:\Users\84929\app-chat-api\app-chat\dist\routes\swagger.route.js:5:25)
2022-01-05T20:47:38:     at Module._compile (internal/modules/cjs/loader.js:1072:14)
2022-01-05T20:47:38:     at Object.Module._extensions..js (internal/modules/cjs/loader.js:1101:10)
2022-01-05T20:47:38:     at Module.load (internal/modules/cjs/loader.js:937:32)
2022-01-05T20:47:38:     at Function.Module._load (internal/modules/cjs/loader.js:778:12)
2022-01-05T20:47:38:     at Module.require (internal/modules/cjs/loader.js:961:19)
2022-01-05T20:47:38:     at Module.Hook._require.Module.require (C:\Users\84929\AppData\Roaming\npm\node_modules\pm2\node_modules\require-in-the-middle\index.js:80:39) {
2022-01-05T20:47:38:   code: 'MODULE_NOT_FOUND',
2022-01-05T20:47:38:   requireStack: [
2022-01-05T20:47:38:     'C:\\Users\\84929\\app-chat-api\\app-chat\\dist\\routes\\swagger.route.js',
2022-01-05T20:47:38:     'C:\\Users\\84929\\app-chat-api\\app-chat\\dist\\routes\\index.js',
2022-01-05T20:47:38:     'C:\\Users\\84929\\app-chat-api\\app-chat\\dist\\app.js'
2022-01-05T20:47:38:   ]
2022-01-05T20:47:38: }
2022-01-05T20:47:40: Error: Cannot find module 'swagger.json'
2022-01-05T20:47:40: Require stack:
2022-01-05T20:47:40: - C:\Users\84929\app-chat-api\app-chat\dist\routes\swagger.route.js
2022-01-05T20:47:40: - C:\Users\84929\app-chat-api\app-chat\dist\routes\index.js
2022-01-05T20:47:40: - C:\Users\84929\app-chat-api\app-chat\dist\app.js
2022-01-05T20:47:40:     at Function.Module._resolveFilename (internal/modules/cjs/loader.js:889:15)
2022-01-05T20:47:40:     at Module.Hook._require.Module.require (C:\Users\84929\AppData\Roaming\npm\node_modules\pm2\node_modules\require-in-the-middle\index.js:61:29)
2022-01-05T20:47:40:     at require (internal/modules/cjs/helpers.js:92:18)
2022-01-05T20:47:40:     at Object.<anonymous> (C:\Users\84929\app-chat-api\app-chat\dist\routes\swagger.route.js:5:25)
2022-01-05T20:47:40:     at Module._compile (internal/modules/cjs/loader.js:1072:14)
2022-01-05T20:47:40:     at Object.Module._extensions..js (internal/modules/cjs/loader.js:1101:10)
2022-01-05T20:47:40:     at Module.load (internal/modules/cjs/loader.js:937:32)
2022-01-05T20:47:40:     at Function.Module._load (internal/modules/cjs/loader.js:778:12)
2022-01-05T20:47:40:     at Module.require (internal/modules/cjs/loader.js:961:19)
2022-01-05T20:47:40:     at Module.Hook._require.Module.require (C:\Users\84929\AppData\Roaming\npm\node_modules\pm2\node_modules\require-in-the-middle\index.js:80:39) {
2022-01-05T20:47:40:   code: 'MODULE_NOT_FOUND',
2022-01-05T20:47:40:   requireStack: [
2022-01-05T20:47:40:     'C:\\Users\\84929\\app-chat-api\\app-chat\\dist\\routes\\swagger.route.js',
2022-01-05T20:47:40:     'C:\\Users\\84929\\app-chat-api\\app-chat\\dist\\routes\\index.js',
2022-01-05T20:47:40:     'C:\\Users\\84929\\app-chat-api\\app-chat\\dist\\app.js'
2022-01-05T20:47:40:   ]
2022-01-05T20:47:40: }
2022-01-05T20:47:41: Error: Cannot find module 'swagger.json'
2022-01-05T20:47:41: Require stack:
2022-01-05T20:47:41: - C:\Users\84929\app-chat-api\app-chat\dist\routes\swagger.route.js
2022-01-05T20:47:41: - C:\Users\84929\app-chat-api\app-chat\dist\routes\index.js
2022-01-05T20:47:41: - C:\Users\84929\app-chat-api\app-chat\dist\app.js
2022-01-05T20:47:41:     at Function.Module._resolveFilename (internal/modules/cjs/loader.js:889:15)
2022-01-05T20:47:41:     at Module.Hook._require.Module.require (C:\Users\84929\AppData\Roaming\npm\node_modules\pm2\node_modules\require-in-the-middle\index.js:61:29)
2022-01-05T20:47:41:     at require (internal/modules/cjs/helpers.js:92:18)
2022-01-05T20:47:41:     at Object.<anonymous> (C:\Users\84929\app-chat-api\app-chat\dist\routes\swagger.route.js:5:25)
2022-01-05T20:47:41:     at Module._compile (internal/modules/cjs/loader.js:1072:14)
2022-01-05T20:47:41:     at Object.Module._extensions..js (internal/modules/cjs/loader.js:1101:10)
2022-01-05T20:47:41:     at Module.load (internal/modules/cjs/loader.js:937:32)
2022-01-05T20:47:41:     at Function.Module._load (internal/modules/cjs/loader.js:778:12)
2022-01-05T20:47:41:     at Module.require (internal/modules/cjs/loader.js:961:19)
2022-01-05T20:47:41:     at Module.Hook._require.Module.require (C:\Users\84929\AppData\Roaming\npm\node_modules\pm2\node_modules\require-in-the-middle\index.js:80:39) {
2022-01-05T20:47:41:   code: 'MODULE_NOT_FOUND',
2022-01-05T20:47:41:   requireStack: [
2022-01-05T20:47:41:     'C:\\Users\\84929\\app-chat-api\\app-chat\\dist\\routes\\swagger.route.js',
2022-01-05T20:47:41:     'C:\\Users\\84929\\app-chat-api\\app-chat\\dist\\routes\\index.js',
2022-01-05T20:47:41:     'C:\\Users\\84929\\app-chat-api\\app-chat\\dist\\app.js'
2022-01-05T20:47:41:   ]
2022-01-05T20:47:41: }
2022-01-05T20:47:43: Error: Cannot find module 'swagger.json'
2022-01-05T20:47:43: Require stack:
2022-01-05T20:47:43: - C:\Users\84929\app-chat-api\app-chat\dist\routes\swagger.route.js
2022-01-05T20:47:43: - C:\Users\84929\app-chat-api\app-chat\dist\routes\index.js
2022-01-05T20:47:43: - C:\Users\84929\app-chat-api\app-chat\dist\app.js
2022-01-05T20:47:43:     at Function.Module._resolveFilename (internal/modules/cjs/loader.js:889:15)
2022-01-05T20:47:43:     at Module.Hook._require.Module.require (C:\Users\84929\AppData\Roaming\npm\node_modules\pm2\node_modules\require-in-the-middle\index.js:61:29)
2022-01-05T20:47:43:     at require (internal/modules/cjs/helpers.js:92:18)
2022-01-05T20:47:43:     at Object.<anonymous> (C:\Users\84929\app-chat-api\app-chat\dist\routes\swagger.route.js:5:25)
2022-01-05T20:47:43:     at Module._compile (internal/modules/cjs/loader.js:1072:14)
2022-01-05T20:47:43:     at Object.Module._extensions..js (internal/modules/cjs/loader.js:1101:10)
2022-01-05T20:47:43:     at Module.load (internal/modules/cjs/loader.js:937:32)
2022-01-05T20:47:43:     at Function.Module._load (internal/modules/cjs/loader.js:778:12)
2022-01-05T20:47:43:     at Module.require (internal/modules/cjs/loader.js:961:19)
2022-01-05T20:47:43:     at Module.Hook._require.Module.require (C:\Users\84929\AppData\Roaming\npm\node_modules\pm2\node_modules\require-in-the-middle\index.js:80:39) {
2022-01-05T20:47:43:   code: 'MODULE_NOT_FOUND',
2022-01-05T20:47:43:   requireStack: [
2022-01-05T20:47:43:     'C:\\Users\\84929\\app-chat-api\\app-chat\\dist\\routes\\swagger.route.js',
2022-01-05T20:47:43:     'C:\\Users\\84929\\app-chat-api\\app-chat\\dist\\routes\\index.js',
2022-01-05T20:47:43:     'C:\\Users\\84929\\app-chat-api\\app-chat\\dist\\app.js'
2022-01-05T20:47:43:   ]
2022-01-05T20:47:43: }
2022-01-05T20:47:44: Error: Cannot find module 'swagger.json'
2022-01-05T20:47:44: Require stack:
2022-01-05T20:47:44: - C:\Users\84929\app-chat-api\app-chat\dist\routes\swagger.route.js
2022-01-05T20:47:44: - C:\Users\84929\app-chat-api\app-chat\dist\routes\index.js
2022-01-05T20:47:44: - C:\Users\84929\app-chat-api\app-chat\dist\app.js
2022-01-05T20:47:44:     at Function.Module._resolveFilename (internal/modules/cjs/loader.js:889:15)
2022-01-05T20:47:44:     at Module.Hook._require.Module.require (C:\Users\84929\AppData\Roaming\npm\node_modules\pm2\node_modules\require-in-the-middle\index.js:61:29)
2022-01-05T20:47:44:     at require (internal/modules/cjs/helpers.js:92:18)
2022-01-05T20:47:44:     at Object.<anonymous> (C:\Users\84929\app-chat-api\app-chat\dist\routes\swagger.route.js:5:25)
2022-01-05T20:47:44:     at Module._compile (internal/modules/cjs/loader.js:1072:14)
2022-01-05T20:47:44:     at Object.Module._extensions..js (internal/modules/cjs/loader.js:1101:10)
2022-01-05T20:47:44:     at Module.load (internal/modules/cjs/loader.js:937:32)
2022-01-05T20:47:44:     at Function.Module._load (internal/modules/cjs/loader.js:778:12)
2022-01-05T20:47:44:     at Module.require (internal/modules/cjs/loader.js:961:19)
2022-01-05T20:47:44:     at Module.Hook._require.Module.require (C:\Users\84929\AppData\Roaming\npm\node_modules\pm2\node_modules\require-in-the-middle\index.js:80:39) {
2022-01-05T20:47:44:   code: 'MODULE_NOT_FOUND',
2022-01-05T20:47:44:   requireStack: [
2022-01-05T20:47:44:     'C:\\Users\\84929\\app-chat-api\\app-chat\\dist\\routes\\swagger.route.js',
2022-01-05T20:47:44:     'C:\\Users\\84929\\app-chat-api\\app-chat\\dist\\routes\\index.js',
2022-01-05T20:47:44:     'C:\\Users\\84929\\app-chat-api\\app-chat\\dist\\app.js'
2022-01-05T20:47:44:   ]
2022-01-05T20:47:44: }
2022-01-05T20:47:46: Error: Cannot find module 'swagger.json'
2022-01-05T20:47:46: Require stack:
2022-01-05T20:47:46: - C:\Users\84929\app-chat-api\app-chat\dist\routes\swagger.route.js
2022-01-05T20:47:46: - C:\Users\84929\app-chat-api\app-chat\dist\routes\index.js
2022-01-05T20:47:46: - C:\Users\84929\app-chat-api\app-chat\dist\app.js
2022-01-05T20:47:46:     at Function.Module._resolveFilename (internal/modules/cjs/loader.js:889:15)
2022-01-05T20:47:46:     at Module.Hook._require.Module.require (C:\Users\84929\AppData\Roaming\npm\node_modules\pm2\node_modules\require-in-the-middle\index.js:61:29)
2022-01-05T20:47:46:     at require (internal/modules/cjs/helpers.js:92:18)
2022-01-05T20:47:46:     at Object.<anonymous> (C:\Users\84929\app-chat-api\app-chat\dist\routes\swagger.route.js:5:25)
2022-01-05T20:47:46:     at Module._compile (internal/modules/cjs/loader.js:1072:14)
2022-01-05T20:47:46:     at Object.Module._extensions..js (internal/modules/cjs/loader.js:1101:10)
2022-01-05T20:47:46:     at Module.load (internal/modules/cjs/loader.js:937:32)
2022-01-05T20:47:46:     at Function.Module._load (internal/modules/cjs/loader.js:778:12)
2022-01-05T20:47:46:     at Module.require (internal/modules/cjs/loader.js:961:19)
2022-01-05T20:47:46:     at Module.Hook._require.Module.require (C:\Users\84929\AppData\Roaming\npm\node_modules\pm2\node_modules\require-in-the-middle\index.js:80:39) {
2022-01-05T20:47:46:   code: 'MODULE_NOT_FOUND',
2022-01-05T20:47:46:   requireStack: [
2022-01-05T20:47:46:     'C:\\Users\\84929\\app-chat-api\\app-chat\\dist\\routes\\swagger.route.js',
2022-01-05T20:47:46:     'C:\\Users\\84929\\app-chat-api\\app-chat\\dist\\routes\\index.js',
2022-01-05T20:47:46:     'C:\\Users\\84929\\app-chat-api\\app-chat\\dist\\app.js'
2022-01-05T20:47:46:   ]
2022-01-05T20:47:46: }
2022-01-05T20:47:47: Error: Cannot find module 'swagger.json'
2022-01-05T20:47:47: Require stack:
2022-01-05T20:47:47: - C:\Users\84929\app-chat-api\app-chat\dist\routes\swagger.route.js
2022-01-05T20:47:47: - C:\Users\84929\app-chat-api\app-chat\dist\routes\index.js
2022-01-05T20:47:47: - C:\Users\84929\app-chat-api\app-chat\dist\app.js
2022-01-05T20:47:47:     at Function.Module._resolveFilename (internal/modules/cjs/loader.js:889:15)
2022-01-05T20:47:47:     at Module.Hook._require.Module.require (C:\Users\84929\AppData\Roaming\npm\node_modules\pm2\node_modules\require-in-the-middle\index.js:61:29)
2022-01-05T20:47:47:     at require (internal/modules/cjs/helpers.js:92:18)
2022-01-05T20:47:47:     at Object.<anonymous> (C:\Users\84929\app-chat-api\app-chat\dist\routes\swagger.route.js:5:25)
2022-01-05T20:47:47:     at Module._compile (internal/modules/cjs/loader.js:1072:14)
2022-01-05T20:47:47:     at Object.Module._extensions..js (internal/modules/cjs/loader.js:1101:10)
2022-01-05T20:47:47:     at Module.load (internal/modules/cjs/loader.js:937:32)
2022-01-05T20:47:47:     at Function.Module._load (internal/modules/cjs/loader.js:778:12)
2022-01-05T20:47:47:     at Module.require (internal/modules/cjs/loader.js:961:19)
2022-01-05T20:47:47:     at Module.Hook._require.Module.require (C:\Users\84929\AppData\Roaming\npm\node_modules\pm2\node_modules\require-in-the-middle\index.js:80:39) {
2022-01-05T20:47:47:   code: 'MODULE_NOT_FOUND',
2022-01-05T20:47:47:   requireStack: [
2022-01-05T20:47:47:     'C:\\Users\\84929\\app-chat-api\\app-chat\\dist\\routes\\swagger.route.js',
2022-01-05T20:47:47:     'C:\\Users\\84929\\app-chat-api\\app-chat\\dist\\routes\\index.js',
2022-01-05T20:47:47:     'C:\\Users\\84929\\app-chat-api\\app-chat\\dist\\app.js'
2022-01-05T20:47:47:   ]
2022-01-05T20:47:47: }
2022-01-05T20:47:49: Error: Cannot find module 'swagger.json'
2022-01-05T20:47:49: Require stack:
2022-01-05T20:47:49: - C:\Users\84929\app-chat-api\app-chat\dist\routes\swagger.route.js
2022-01-05T20:47:49: - C:\Users\84929\app-chat-api\app-chat\dist\routes\index.js
2022-01-05T20:47:49: - C:\Users\84929\app-chat-api\app-chat\dist\app.js
2022-01-05T20:47:49:     at Function.Module._resolveFilename (internal/modules/cjs/loader.js:889:15)
2022-01-05T20:47:49:     at Module.Hook._require.Module.require (C:\Users\84929\AppData\Roaming\npm\node_modules\pm2\node_modules\require-in-the-middle\index.js:61:29)
2022-01-05T20:47:49:     at require (internal/modules/cjs/helpers.js:92:18)
2022-01-05T20:47:49:     at Object.<anonymous> (C:\Users\84929\app-chat-api\app-chat\dist\routes\swagger.route.js:5:25)
2022-01-05T20:47:49:     at Module._compile (internal/modules/cjs/loader.js:1072:14)
2022-01-05T20:47:49:     at Object.Module._extensions..js (internal/modules/cjs/loader.js:1101:10)
2022-01-05T20:47:49:     at Module.load (internal/modules/cjs/loader.js:937:32)
2022-01-05T20:47:49:     at Function.Module._load (internal/modules/cjs/loader.js:778:12)
2022-01-05T20:47:49:     at Module.require (internal/modules/cjs/loader.js:961:19)
2022-01-05T20:47:49:     at Module.Hook._require.Module.require (C:\Users\84929\AppData\Roaming\npm\node_modules\pm2\node_modules\require-in-the-middle\index.js:80:39) {
2022-01-05T20:47:49:   code: 'MODULE_NOT_FOUND',
2022-01-05T20:47:49:   requireStack: [
2022-01-05T20:47:49:     'C:\\Users\\84929\\app-chat-api\\app-chat\\dist\\routes\\swagger.route.js',
2022-01-05T20:47:49:     'C:\\Users\\84929\\app-chat-api\\app-chat\\dist\\routes\\index.js',
2022-01-05T20:47:49:     'C:\\Users\\84929\\app-chat-api\\app-chat\\dist\\app.js'
2022-01-05T20:47:49:   ]
2022-01-05T20:47:49: }
2022-01-05T20:47:50: Error: Cannot find module 'swagger.json'
2022-01-05T20:47:50: Require stack:
2022-01-05T20:47:50: - C:\Users\84929\app-chat-api\app-chat\dist\routes\swagger.route.js
2022-01-05T20:47:50: - C:\Users\84929\app-chat-api\app-chat\dist\routes\index.js
2022-01-05T20:47:50: - C:\Users\84929\app-chat-api\app-chat\dist\app.js
2022-01-05T20:47:50:     at Function.Module._resolveFilename (internal/modules/cjs/loader.js:889:15)
2022-01-05T20:47:50:     at Module.Hook._require.Module.require (C:\Users\84929\AppData\Roaming\npm\node_modules\pm2\node_modules\require-in-the-middle\index.js:61:29)
2022-01-05T20:47:50:     at require (internal/modules/cjs/helpers.js:92:18)
2022-01-05T20:47:50:     at Object.<anonymous> (C:\Users\84929\app-chat-api\app-chat\dist\routes\swagger.route.js:5:25)
2022-01-05T20:47:50:     at Module._compile (internal/modules/cjs/loader.js:1072:14)
2022-01-05T20:47:50:     at Object.Module._extensions..js (internal/modules/cjs/loader.js:1101:10)
2022-01-05T20:47:50:     at Module.load (internal/modules/cjs/loader.js:937:32)
2022-01-05T20:47:50:     at Function.Module._load (internal/modules/cjs/loader.js:778:12)
2022-01-05T20:47:50:     at Module.require (internal/modules/cjs/loader.js:961:19)
2022-01-05T20:47:50:     at Module.Hook._require.Module.require (C:\Users\84929\AppData\Roaming\npm\node_modules\pm2\node_modules\require-in-the-middle\index.js:80:39) {
2022-01-05T20:47:50:   code: 'MODULE_NOT_FOUND',
2022-01-05T20:47:50:   requireStack: [
2022-01-05T20:47:50:     'C:\\Users\\84929\\app-chat-api\\app-chat\\dist\\routes\\swagger.route.js',
2022-01-05T20:47:50:     'C:\\Users\\84929\\app-chat-api\\app-chat\\dist\\routes\\index.js',
2022-01-05T20:47:50:     'C:\\Users\\84929\\app-chat-api\\app-chat\\dist\\app.js'
2022-01-05T20:47:50:   ]
2022-01-05T20:47:50: }
2022-01-05T20:47:51: Error: Cannot find module 'swagger.json'
2022-01-05T20:47:51: Require stack:
2022-01-05T20:47:51: - C:\Users\84929\app-chat-api\app-chat\dist\routes\swagger.route.js
2022-01-05T20:47:51: - C:\Users\84929\app-chat-api\app-chat\dist\routes\index.js
2022-01-05T20:47:51: - C:\Users\84929\app-chat-api\app-chat\dist\app.js
2022-01-05T20:47:51:     at Function.Module._resolveFilename (internal/modules/cjs/loader.js:889:15)
2022-01-05T20:47:51:     at Module.Hook._require.Module.require (C:\Users\84929\AppData\Roaming\npm\node_modules\pm2\node_modules\require-in-the-middle\index.js:61:29)
2022-01-05T20:47:51:     at require (internal/modules/cjs/helpers.js:92:18)
2022-01-05T20:47:51:     at Object.<anonymous> (C:\Users\84929\app-chat-api\app-chat\dist\routes\swagger.route.js:5:25)
2022-01-05T20:47:51:     at Module._compile (internal/modules/cjs/loader.js:1072:14)
2022-01-05T20:47:51:     at Object.Module._extensions..js (internal/modules/cjs/loader.js:1101:10)
2022-01-05T20:47:51:     at Module.load (internal/modules/cjs/loader.js:937:32)
2022-01-05T20:47:51:     at Function.Module._load (internal/modules/cjs/loader.js:778:12)
2022-01-05T20:47:51:     at Module.require (internal/modules/cjs/loader.js:961:19)
2022-01-05T20:47:51:     at Module.Hook._require.Module.require (C:\Users\84929\AppData\Roaming\npm\node_modules\pm2\node_modules\require-in-the-middle\index.js:80:39) {
2022-01-05T20:47:51:   code: 'MODULE_NOT_FOUND',
2022-01-05T20:47:51:   requireStack: [
2022-01-05T20:47:51:     'C:\\Users\\84929\\app-chat-api\\app-chat\\dist\\routes\\swagger.route.js',
2022-01-05T20:47:51:     'C:\\Users\\84929\\app-chat-api\\app-chat\\dist\\routes\\index.js',
2022-01-05T20:47:51:     'C:\\Users\\84929\\app-chat-api\\app-chat\\dist\\app.js'
2022-01-05T20:47:51:   ]
2022-01-05T20:47:51: }
2022-01-05T20:49:20: Error: Cannot find module './../swagger.json'
2022-01-05T20:49:20: Require stack:
2022-01-05T20:49:20: - C:\Users\84929\app-chat-api\app-chat\dist\routes\swagger.route.js
2022-01-05T20:49:20: - C:\Users\84929\app-chat-api\app-chat\dist\routes\index.js
2022-01-05T20:49:20: - C:\Users\84929\app-chat-api\app-chat\dist\app.js
2022-01-05T20:49:20:     at Function.Module._resolveFilename (internal/modules/cjs/loader.js:889:15)
2022-01-05T20:49:20:     at Module.Hook._require.Module.require (C:\Users\84929\AppData\Roaming\npm\node_modules\pm2\node_modules\require-in-the-middle\index.js:61:29)
2022-01-05T20:49:20:     at require (internal/modules/cjs/helpers.js:92:18)
2022-01-05T20:49:20:     at Object.<anonymous> (C:\Users\84929\app-chat-api\app-chat\dist\routes\swagger.route.js:5:25)
2022-01-05T20:49:20:     at Module._compile (internal/modules/cjs/loader.js:1072:14)
2022-01-05T20:49:20:     at Object.Module._extensions..js (internal/modules/cjs/loader.js:1101:10)
2022-01-05T20:49:20:     at Module.load (internal/modules/cjs/loader.js:937:32)
2022-01-05T20:49:20:     at Function.Module._load (internal/modules/cjs/loader.js:778:12)
2022-01-05T20:49:20:     at Module.require (internal/modules/cjs/loader.js:961:19)
2022-01-05T20:49:20:     at Module.Hook._require.Module.require (C:\Users\84929\AppData\Roaming\npm\node_modules\pm2\node_modules\require-in-the-middle\index.js:80:39) {
2022-01-05T20:49:20:   code: 'MODULE_NOT_FOUND',
2022-01-05T20:49:20:   requireStack: [
2022-01-05T20:49:20:     'C:\\Users\\84929\\app-chat-api\\app-chat\\dist\\routes\\swagger.route.js',
2022-01-05T20:49:20:     'C:\\Users\\84929\\app-chat-api\\app-chat\\dist\\routes\\index.js',
2022-01-05T20:49:20:     'C:\\Users\\84929\\app-chat-api\\app-chat\\dist\\app.js'
2022-01-05T20:49:20:   ]
2022-01-05T20:49:20: }
2022-01-05T20:49:21: Error: Cannot find module './../swagger.json'
2022-01-05T20:49:21: Require stack:
2022-01-05T20:49:21: - C:\Users\84929\app-chat-api\app-chat\dist\routes\swagger.route.js
2022-01-05T20:49:21: - C:\Users\84929\app-chat-api\app-chat\dist\routes\index.js
2022-01-05T20:49:21: - C:\Users\84929\app-chat-api\app-chat\dist\app.js
2022-01-05T20:49:21:     at Function.Module._resolveFilename (internal/modules/cjs/loader.js:889:15)
2022-01-05T20:49:21:     at Module.Hook._require.Module.require (C:\Users\84929\AppData\Roaming\npm\node_modules\pm2\node_modules\require-in-the-middle\index.js:61:29)
2022-01-05T20:49:21:     at require (internal/modules/cjs/helpers.js:92:18)
2022-01-05T20:49:21:     at Object.<anonymous> (C:\Users\84929\app-chat-api\app-chat\dist\routes\swagger.route.js:5:25)
2022-01-05T20:49:21:     at Module._compile (internal/modules/cjs/loader.js:1072:14)
2022-01-05T20:49:21:     at Object.Module._extensions..js (internal/modules/cjs/loader.js:1101:10)
2022-01-05T20:49:21:     at Module.load (internal/modules/cjs/loader.js:937:32)
2022-01-05T20:49:21:     at Function.Module._load (internal/modules/cjs/loader.js:778:12)
2022-01-05T20:49:21:     at Module.require (internal/modules/cjs/loader.js:961:19)
2022-01-05T20:49:21:     at Module.Hook._require.Module.require (C:\Users\84929\AppData\Roaming\npm\node_modules\pm2\node_modules\require-in-the-middle\index.js:80:39) {
2022-01-05T20:49:21:   code: 'MODULE_NOT_FOUND',
2022-01-05T20:49:21:   requireStack: [
2022-01-05T20:49:21:     'C:\\Users\\84929\\app-chat-api\\app-chat\\dist\\routes\\swagger.route.js',
2022-01-05T20:49:21:     'C:\\Users\\84929\\app-chat-api\\app-chat\\dist\\routes\\index.js',
2022-01-05T20:49:21:     'C:\\Users\\84929\\app-chat-api\\app-chat\\dist\\app.js'
2022-01-05T20:49:21:   ]
2022-01-05T20:49:21: }
2022-01-05T20:49:23: Error: Cannot find module './../swagger.json'
2022-01-05T20:49:23: Require stack:
2022-01-05T20:49:23: - C:\Users\84929\app-chat-api\app-chat\dist\routes\swagger.route.js
2022-01-05T20:49:23: - C:\Users\84929\app-chat-api\app-chat\dist\routes\index.js
2022-01-05T20:49:23: - C:\Users\84929\app-chat-api\app-chat\dist\app.js
2022-01-05T20:49:23:     at Function.Module._resolveFilename (internal/modules/cjs/loader.js:889:15)
2022-01-05T20:49:23:     at Module.Hook._require.Module.require (C:\Users\84929\AppData\Roaming\npm\node_modules\pm2\node_modules\require-in-the-middle\index.js:61:29)
2022-01-05T20:49:23:     at require (internal/modules/cjs/helpers.js:92:18)
2022-01-05T20:49:23:     at Object.<anonymous> (C:\Users\84929\app-chat-api\app-chat\dist\routes\swagger.route.js:5:25)
2022-01-05T20:49:23:     at Module._compile (internal/modules/cjs/loader.js:1072:14)
2022-01-05T20:49:23:     at Object.Module._extensions..js (internal/modules/cjs/loader.js:1101:10)
2022-01-05T20:49:23:     at Module.load (internal/modules/cjs/loader.js:937:32)
2022-01-05T20:49:23:     at Function.Module._load (internal/modules/cjs/loader.js:778:12)
2022-01-05T20:49:23:     at Module.require (internal/modules/cjs/loader.js:961:19)
2022-01-05T20:49:23:     at Module.Hook._require.Module.require (C:\Users\84929\AppData\Roaming\npm\node_modules\pm2\node_modules\require-in-the-middle\index.js:80:39) {
2022-01-05T20:49:23:   code: 'MODULE_NOT_FOUND',
2022-01-05T20:49:23:   requireStack: [
2022-01-05T20:49:23:     'C:\\Users\\84929\\app-chat-api\\app-chat\\dist\\routes\\swagger.route.js',
2022-01-05T20:49:23:     'C:\\Users\\84929\\app-chat-api\\app-chat\\dist\\routes\\index.js',
2022-01-05T20:49:23:     'C:\\Users\\84929\\app-chat-api\\app-chat\\dist\\app.js'
2022-01-05T20:49:23:   ]
2022-01-05T20:49:23: }
2022-01-05T20:49:24: Error: Cannot find module './../swagger.json'
2022-01-05T20:49:24: Require stack:
2022-01-05T20:49:24: - C:\Users\84929\app-chat-api\app-chat\dist\routes\swagger.route.js
2022-01-05T20:49:24: - C:\Users\84929\app-chat-api\app-chat\dist\routes\index.js
2022-01-05T20:49:24: - C:\Users\84929\app-chat-api\app-chat\dist\app.js
2022-01-05T20:49:24:     at Function.Module._resolveFilename (internal/modules/cjs/loader.js:889:15)
2022-01-05T20:49:24:     at Module.Hook._require.Module.require (C:\Users\84929\AppData\Roaming\npm\node_modules\pm2\node_modules\require-in-the-middle\index.js:61:29)
2022-01-05T20:49:24:     at require (internal/modules/cjs/helpers.js:92:18)
2022-01-05T20:49:24:     at Object.<anonymous> (C:\Users\84929\app-chat-api\app-chat\dist\routes\swagger.route.js:5:25)
2022-01-05T20:49:24:     at Module._compile (internal/modules/cjs/loader.js:1072:14)
2022-01-05T20:49:24:     at Object.Module._extensions..js (internal/modules/cjs/loader.js:1101:10)
2022-01-05T20:49:24:     at Module.load (internal/modules/cjs/loader.js:937:32)
2022-01-05T20:49:24:     at Function.Module._load (internal/modules/cjs/loader.js:778:12)
2022-01-05T20:49:24:     at Module.require (internal/modules/cjs/loader.js:961:19)
2022-01-05T20:49:24:     at Module.Hook._require.Module.require (C:\Users\84929\AppData\Roaming\npm\node_modules\pm2\node_modules\require-in-the-middle\index.js:80:39) {
2022-01-05T20:49:24:   code: 'MODULE_NOT_FOUND',
2022-01-05T20:49:24:   requireStack: [
2022-01-05T20:49:24:     'C:\\Users\\84929\\app-chat-api\\app-chat\\dist\\routes\\swagger.route.js',
2022-01-05T20:49:24:     'C:\\Users\\84929\\app-chat-api\\app-chat\\dist\\routes\\index.js',
2022-01-05T20:49:24:     'C:\\Users\\84929\\app-chat-api\\app-chat\\dist\\app.js'
2022-01-05T20:49:24:   ]
2022-01-05T20:49:24: }
2022-01-05T20:49:25: Error: Cannot find module './../swagger.json'
2022-01-05T20:49:25: Require stack:
2022-01-05T20:49:25: - C:\Users\84929\app-chat-api\app-chat\dist\routes\swagger.route.js
2022-01-05T20:49:25: - C:\Users\84929\app-chat-api\app-chat\dist\routes\index.js
2022-01-05T20:49:25: - C:\Users\84929\app-chat-api\app-chat\dist\app.js
2022-01-05T20:49:25:     at Function.Module._resolveFilename (internal/modules/cjs/loader.js:889:15)
2022-01-05T20:49:25:     at Module.Hook._require.Module.require (C:\Users\84929\AppData\Roaming\npm\node_modules\pm2\node_modules\require-in-the-middle\index.js:61:29)
2022-01-05T20:49:25:     at require (internal/modules/cjs/helpers.js:92:18)
2022-01-05T20:49:25:     at Object.<anonymous> (C:\Users\84929\app-chat-api\app-chat\dist\routes\swagger.route.js:5:25)
2022-01-05T20:49:25:     at Module._compile (internal/modules/cjs/loader.js:1072:14)
2022-01-05T20:49:25:     at Object.Module._extensions..js (internal/modules/cjs/loader.js:1101:10)
2022-01-05T20:49:25:     at Module.load (internal/modules/cjs/loader.js:937:32)
2022-01-05T20:49:25:     at Function.Module._load (internal/modules/cjs/loader.js:778:12)
2022-01-05T20:49:25:     at Module.require (internal/modules/cjs/loader.js:961:19)
2022-01-05T20:49:25:     at Module.Hook._require.Module.require (C:\Users\84929\AppData\Roaming\npm\node_modules\pm2\node_modules\require-in-the-middle\index.js:80:39) {
2022-01-05T20:49:25:   code: 'MODULE_NOT_FOUND',
2022-01-05T20:49:25:   requireStack: [
2022-01-05T20:49:25:     'C:\\Users\\84929\\app-chat-api\\app-chat\\dist\\routes\\swagger.route.js',
2022-01-05T20:49:25:     'C:\\Users\\84929\\app-chat-api\\app-chat\\dist\\routes\\index.js',
2022-01-05T20:49:25:     'C:\\Users\\84929\\app-chat-api\\app-chat\\dist\\app.js'
2022-01-05T20:49:25:   ]
2022-01-05T20:49:25: }
2022-01-05T20:49:27: Error: Cannot find module './../swagger.json'
2022-01-05T20:49:27: Require stack:
2022-01-05T20:49:27: - C:\Users\84929\app-chat-api\app-chat\dist\routes\swagger.route.js
2022-01-05T20:49:27: - C:\Users\84929\app-chat-api\app-chat\dist\routes\index.js
2022-01-05T20:49:27: - C:\Users\84929\app-chat-api\app-chat\dist\app.js
2022-01-05T20:49:27:     at Function.Module._resolveFilename (internal/modules/cjs/loader.js:889:15)
2022-01-05T20:49:27:     at Module.Hook._require.Module.require (C:\Users\84929\AppData\Roaming\npm\node_modules\pm2\node_modules\require-in-the-middle\index.js:61:29)
2022-01-05T20:49:27:     at require (internal/modules/cjs/helpers.js:92:18)
2022-01-05T20:49:27:     at Object.<anonymous> (C:\Users\84929\app-chat-api\app-chat\dist\routes\swagger.route.js:5:25)
2022-01-05T20:49:27:     at Module._compile (internal/modules/cjs/loader.js:1072:14)
2022-01-05T20:49:27:     at Object.Module._extensions..js (internal/modules/cjs/loader.js:1101:10)
2022-01-05T20:49:27:     at Module.load (internal/modules/cjs/loader.js:937:32)
2022-01-05T20:49:27:     at Function.Module._load (internal/modules/cjs/loader.js:778:12)
2022-01-05T20:49:27:     at Module.require (internal/modules/cjs/loader.js:961:19)
2022-01-05T20:49:27:     at Module.Hook._require.Module.require (C:\Users\84929\AppData\Roaming\npm\node_modules\pm2\node_modules\require-in-the-middle\index.js:80:39) {
2022-01-05T20:49:27:   code: 'MODULE_NOT_FOUND',
2022-01-05T20:49:27:   requireStack: [
2022-01-05T20:49:27:     'C:\\Users\\84929\\app-chat-api\\app-chat\\dist\\routes\\swagger.route.js',
2022-01-05T20:49:27:     'C:\\Users\\84929\\app-chat-api\\app-chat\\dist\\routes\\index.js',
2022-01-05T20:49:27:     'C:\\Users\\84929\\app-chat-api\\app-chat\\dist\\app.js'
2022-01-05T20:49:27:   ]
2022-01-05T20:49:27: }
2022-01-05T20:49:28: Error: Cannot find module './../swagger.json'
2022-01-05T20:49:28: Require stack:
2022-01-05T20:49:28: - C:\Users\84929\app-chat-api\app-chat\dist\routes\swagger.route.js
2022-01-05T20:49:28: - C:\Users\84929\app-chat-api\app-chat\dist\routes\index.js
2022-01-05T20:49:28: - C:\Users\84929\app-chat-api\app-chat\dist\app.js
2022-01-05T20:49:28:     at Function.Module._resolveFilename (internal/modules/cjs/loader.js:889:15)
2022-01-05T20:49:28:     at Module.Hook._require.Module.require (C:\Users\84929\AppData\Roaming\npm\node_modules\pm2\node_modules\require-in-the-middle\index.js:61:29)
2022-01-05T20:49:28:     at require (internal/modules/cjs/helpers.js:92:18)
2022-01-05T20:49:28:     at Object.<anonymous> (C:\Users\84929\app-chat-api\app-chat\dist\routes\swagger.route.js:5:25)
2022-01-05T20:49:28:     at Module._compile (internal/modules/cjs/loader.js:1072:14)
2022-01-05T20:49:28:     at Object.Module._extensions..js (internal/modules/cjs/loader.js:1101:10)
2022-01-05T20:49:28:     at Module.load (internal/modules/cjs/loader.js:937:32)
2022-01-05T20:49:28:     at Function.Module._load (internal/modules/cjs/loader.js:778:12)
2022-01-05T20:49:28:     at Module.require (internal/modules/cjs/loader.js:961:19)
2022-01-05T20:49:28:     at Module.Hook._require.Module.require (C:\Users\84929\AppData\Roaming\npm\node_modules\pm2\node_modules\require-in-the-middle\index.js:80:39) {
2022-01-05T20:49:28:   code: 'MODULE_NOT_FOUND',
2022-01-05T20:49:28:   requireStack: [
2022-01-05T20:49:28:     'C:\\Users\\84929\\app-chat-api\\app-chat\\dist\\routes\\swagger.route.js',
2022-01-05T20:49:28:     'C:\\Users\\84929\\app-chat-api\\app-chat\\dist\\routes\\index.js',
2022-01-05T20:49:28:     'C:\\Users\\84929\\app-chat-api\\app-chat\\dist\\app.js'
2022-01-05T20:49:28:   ]
2022-01-05T20:49:28: }
2022-01-05T20:49:29: Error: Cannot find module './../swagger.json'
2022-01-05T20:49:29: Require stack:
2022-01-05T20:49:29: - C:\Users\84929\app-chat-api\app-chat\dist\routes\swagger.route.js
2022-01-05T20:49:29: - C:\Users\84929\app-chat-api\app-chat\dist\routes\index.js
2022-01-05T20:49:29: - C:\Users\84929\app-chat-api\app-chat\dist\app.js
2022-01-05T20:49:29:     at Function.Module._resolveFilename (internal/modules/cjs/loader.js:889:15)
2022-01-05T20:49:29:     at Module.Hook._require.Module.require (C:\Users\84929\AppData\Roaming\npm\node_modules\pm2\node_modules\require-in-the-middle\index.js:61:29)
2022-01-05T20:49:29:     at require (internal/modules/cjs/helpers.js:92:18)
2022-01-05T20:49:29:     at Object.<anonymous> (C:\Users\84929\app-chat-api\app-chat\dist\routes\swagger.route.js:5:25)
2022-01-05T20:49:29:     at Module._compile (internal/modules/cjs/loader.js:1072:14)
2022-01-05T20:49:29:     at Object.Module._extensions..js (internal/modules/cjs/loader.js:1101:10)
2022-01-05T20:49:29:     at Module.load (internal/modules/cjs/loader.js:937:32)
2022-01-05T20:49:29:     at Function.Module._load (internal/modules/cjs/loader.js:778:12)
2022-01-05T20:49:29:     at Module.require (internal/modules/cjs/loader.js:961:19)
2022-01-05T20:49:29:     at Module.Hook._require.Module.require (C:\Users\84929\AppData\Roaming\npm\node_modules\pm2\node_modules\require-in-the-middle\index.js:80:39) {
2022-01-05T20:49:29:   code: 'MODULE_NOT_FOUND',
2022-01-05T20:49:29:   requireStack: [
2022-01-05T20:49:29:     'C:\\Users\\84929\\app-chat-api\\app-chat\\dist\\routes\\swagger.route.js',
2022-01-05T20:49:29:     'C:\\Users\\84929\\app-chat-api\\app-chat\\dist\\routes\\index.js',
2022-01-05T20:49:29:     'C:\\Users\\84929\\app-chat-api\\app-chat\\dist\\app.js'
2022-01-05T20:49:29:   ]
2022-01-05T20:49:29: }
2022-01-05T20:49:31: Error: Cannot find module './../swagger.json'
2022-01-05T20:49:31: Require stack:
2022-01-05T20:49:31: - C:\Users\84929\app-chat-api\app-chat\dist\routes\swagger.route.js
2022-01-05T20:49:31: - C:\Users\84929\app-chat-api\app-chat\dist\routes\index.js
2022-01-05T20:49:31: - C:\Users\84929\app-chat-api\app-chat\dist\app.js
2022-01-05T20:49:31:     at Function.Module._resolveFilename (internal/modules/cjs/loader.js:889:15)
2022-01-05T20:49:31:     at Module.Hook._require.Module.require (C:\Users\84929\AppData\Roaming\npm\node_modules\pm2\node_modules\require-in-the-middle\index.js:61:29)
2022-01-05T20:49:31:     at require (internal/modules/cjs/helpers.js:92:18)
2022-01-05T20:49:31:     at Object.<anonymous> (C:\Users\84929\app-chat-api\app-chat\dist\routes\swagger.route.js:5:25)
2022-01-05T20:49:31:     at Module._compile (internal/modules/cjs/loader.js:1072:14)
2022-01-05T20:49:31:     at Object.Module._extensions..js (internal/modules/cjs/loader.js:1101:10)
2022-01-05T20:49:31:     at Module.load (internal/modules/cjs/loader.js:937:32)
2022-01-05T20:49:31:     at Function.Module._load (internal/modules/cjs/loader.js:778:12)
2022-01-05T20:49:31:     at Module.require (internal/modules/cjs/loader.js:961:19)
2022-01-05T20:49:31:     at Module.Hook._require.Module.require (C:\Users\84929\AppData\Roaming\npm\node_modules\pm2\node_modules\require-in-the-middle\index.js:80:39) {
2022-01-05T20:49:31:   code: 'MODULE_NOT_FOUND',
2022-01-05T20:49:31:   requireStack: [
2022-01-05T20:49:31:     'C:\\Users\\84929\\app-chat-api\\app-chat\\dist\\routes\\swagger.route.js',
2022-01-05T20:49:31:     'C:\\Users\\84929\\app-chat-api\\app-chat\\dist\\routes\\index.js',
2022-01-05T20:49:31:     'C:\\Users\\84929\\app-chat-api\\app-chat\\dist\\app.js'
2022-01-05T20:49:31:   ]
2022-01-05T20:49:31: }
2022-01-05T20:49:32: Error: Cannot find module './../swagger.json'
2022-01-05T20:49:32: Require stack:
2022-01-05T20:49:32: - C:\Users\84929\app-chat-api\app-chat\dist\routes\swagger.route.js
2022-01-05T20:49:32: - C:\Users\84929\app-chat-api\app-chat\dist\routes\index.js
2022-01-05T20:49:32: - C:\Users\84929\app-chat-api\app-chat\dist\app.js
2022-01-05T20:49:32:     at Function.Module._resolveFilename (internal/modules/cjs/loader.js:889:15)
2022-01-05T20:49:32:     at Module.Hook._require.Module.require (C:\Users\84929\AppData\Roaming\npm\node_modules\pm2\node_modules\require-in-the-middle\index.js:61:29)
2022-01-05T20:49:32:     at require (internal/modules/cjs/helpers.js:92:18)
2022-01-05T20:49:32:     at Object.<anonymous> (C:\Users\84929\app-chat-api\app-chat\dist\routes\swagger.route.js:5:25)
2022-01-05T20:49:32:     at Module._compile (internal/modules/cjs/loader.js:1072:14)
2022-01-05T20:49:32:     at Object.Module._extensions..js (internal/modules/cjs/loader.js:1101:10)
2022-01-05T20:49:32:     at Module.load (internal/modules/cjs/loader.js:937:32)
2022-01-05T20:49:32:     at Function.Module._load (internal/modules/cjs/loader.js:778:12)
2022-01-05T20:49:32:     at Module.require (internal/modules/cjs/loader.js:961:19)
2022-01-05T20:49:32:     at Module.Hook._require.Module.require (C:\Users\84929\AppData\Roaming\npm\node_modules\pm2\node_modules\require-in-the-middle\index.js:80:39) {
2022-01-05T20:49:32:   code: 'MODULE_NOT_FOUND',
2022-01-05T20:49:32:   requireStack: [
2022-01-05T20:49:32:     'C:\\Users\\84929\\app-chat-api\\app-chat\\dist\\routes\\swagger.route.js',
2022-01-05T20:49:32:     'C:\\Users\\84929\\app-chat-api\\app-chat\\dist\\routes\\index.js',
2022-01-05T20:49:32:     'C:\\Users\\84929\\app-chat-api\\app-chat\\dist\\app.js'
2022-01-05T20:49:32:   ]
2022-01-05T20:49:32: }
2022-01-05T20:49:34: Error: Cannot find module './../swagger.json'
2022-01-05T20:49:34: Require stack:
2022-01-05T20:49:34: - C:\Users\84929\app-chat-api\app-chat\dist\routes\swagger.route.js
2022-01-05T20:49:34: - C:\Users\84929\app-chat-api\app-chat\dist\routes\index.js
2022-01-05T20:49:34: - C:\Users\84929\app-chat-api\app-chat\dist\app.js
2022-01-05T20:49:34:     at Function.Module._resolveFilename (internal/modules/cjs/loader.js:889:15)
2022-01-05T20:49:34:     at Module.Hook._require.Module.require (C:\Users\84929\AppData\Roaming\npm\node_modules\pm2\node_modules\require-in-the-middle\index.js:61:29)
2022-01-05T20:49:34:     at require (internal/modules/cjs/helpers.js:92:18)
2022-01-05T20:49:34:     at Object.<anonymous> (C:\Users\84929\app-chat-api\app-chat\dist\routes\swagger.route.js:5:25)
2022-01-05T20:49:34:     at Module._compile (internal/modules/cjs/loader.js:1072:14)
2022-01-05T20:49:34:     at Object.Module._extensions..js (internal/modules/cjs/loader.js:1101:10)
2022-01-05T20:49:34:     at Module.load (internal/modules/cjs/loader.js:937:32)
2022-01-05T20:49:34:     at Function.Module._load (internal/modules/cjs/loader.js:778:12)
2022-01-05T20:49:34:     at Module.require (internal/modules/cjs/loader.js:961:19)
2022-01-05T20:49:34:     at Module.Hook._require.Module.require (C:\Users\84929\AppData\Roaming\npm\node_modules\pm2\node_modules\require-in-the-middle\index.js:80:39) {
2022-01-05T20:49:34:   code: 'MODULE_NOT_FOUND',
2022-01-05T20:49:34:   requireStack: [
2022-01-05T20:49:34:     'C:\\Users\\84929\\app-chat-api\\app-chat\\dist\\routes\\swagger.route.js',
2022-01-05T20:49:34:     'C:\\Users\\84929\\app-chat-api\\app-chat\\dist\\routes\\index.js',
2022-01-05T20:49:34:     'C:\\Users\\84929\\app-chat-api\\app-chat\\dist\\app.js'
2022-01-05T20:49:34:   ]
2022-01-05T20:49:34: }
2022-01-05T20:49:35: Error: Cannot find module './../swagger.json'
2022-01-05T20:49:35: Require stack:
2022-01-05T20:49:35: - C:\Users\84929\app-chat-api\app-chat\dist\routes\swagger.route.js
2022-01-05T20:49:35: - C:\Users\84929\app-chat-api\app-chat\dist\routes\index.js
2022-01-05T20:49:35: - C:\Users\84929\app-chat-api\app-chat\dist\app.js
2022-01-05T20:49:35:     at Function.Module._resolveFilename (internal/modules/cjs/loader.js:889:15)
2022-01-05T20:49:35:     at Module.Hook._require.Module.require (C:\Users\84929\AppData\Roaming\npm\node_modules\pm2\node_modules\require-in-the-middle\index.js:61:29)
2022-01-05T20:49:35:     at require (internal/modules/cjs/helpers.js:92:18)
2022-01-05T20:49:35:     at Object.<anonymous> (C:\Users\84929\app-chat-api\app-chat\dist\routes\swagger.route.js:5:25)
2022-01-05T20:49:35:     at Module._compile (internal/modules/cjs/loader.js:1072:14)
2022-01-05T20:49:35:     at Object.Module._extensions..js (internal/modules/cjs/loader.js:1101:10)
2022-01-05T20:49:35:     at Module.load (internal/modules/cjs/loader.js:937:32)
2022-01-05T20:49:35:     at Function.Module._load (internal/modules/cjs/loader.js:778:12)
2022-01-05T20:49:35:     at Module.require (internal/modules/cjs/loader.js:961:19)
2022-01-05T20:49:35:     at Module.Hook._require.Module.require (C:\Users\84929\AppData\Roaming\npm\node_modules\pm2\node_modules\require-in-the-middle\index.js:80:39) {
2022-01-05T20:49:35:   code: 'MODULE_NOT_FOUND',
2022-01-05T20:49:35:   requireStack: [
2022-01-05T20:49:35:     'C:\\Users\\84929\\app-chat-api\\app-chat\\dist\\routes\\swagger.route.js',
2022-01-05T20:49:35:     'C:\\Users\\84929\\app-chat-api\\app-chat\\dist\\routes\\index.js',
2022-01-05T20:49:35:     'C:\\Users\\84929\\app-chat-api\\app-chat\\dist\\app.js'
2022-01-05T20:49:35:   ]
2022-01-05T20:49:35: }
2022-01-05T20:49:37: Error: Cannot find module './../swagger.json'
2022-01-05T20:49:37: Require stack:
2022-01-05T20:49:37: - C:\Users\84929\app-chat-api\app-chat\dist\routes\swagger.route.js
2022-01-05T20:49:37: - C:\Users\84929\app-chat-api\app-chat\dist\routes\index.js
2022-01-05T20:49:37: - C:\Users\84929\app-chat-api\app-chat\dist\app.js
2022-01-05T20:49:37:     at Function.Module._resolveFilename (internal/modules/cjs/loader.js:889:15)
2022-01-05T20:49:37:     at Module.Hook._require.Module.require (C:\Users\84929\AppData\Roaming\npm\node_modules\pm2\node_modules\require-in-the-middle\index.js:61:29)
2022-01-05T20:49:37:     at require (internal/modules/cjs/helpers.js:92:18)
2022-01-05T20:49:37:     at Object.<anonymous> (C:\Users\84929\app-chat-api\app-chat\dist\routes\swagger.route.js:5:25)
2022-01-05T20:49:37:     at Module._compile (internal/modules/cjs/loader.js:1072:14)
2022-01-05T20:49:37:     at Object.Module._extensions..js (internal/modules/cjs/loader.js:1101:10)
2022-01-05T20:49:37:     at Module.load (internal/modules/cjs/loader.js:937:32)
2022-01-05T20:49:37:     at Function.Module._load (internal/modules/cjs/loader.js:778:12)
2022-01-05T20:49:37:     at Module.require (internal/modules/cjs/loader.js:961:19)
2022-01-05T20:49:37:     at Module.Hook._require.Module.require (C:\Users\84929\AppData\Roaming\npm\node_modules\pm2\node_modules\require-in-the-middle\index.js:80:39) {
2022-01-05T20:49:37:   code: 'MODULE_NOT_FOUND',
2022-01-05T20:49:37:   requireStack: [
2022-01-05T20:49:37:     'C:\\Users\\84929\\app-chat-api\\app-chat\\dist\\routes\\swagger.route.js',
2022-01-05T20:49:37:     'C:\\Users\\84929\\app-chat-api\\app-chat\\dist\\routes\\index.js',
2022-01-05T20:49:37:     'C:\\Users\\84929\\app-chat-api\\app-chat\\dist\\app.js'
2022-01-05T20:49:37:   ]
2022-01-05T20:49:37: }
2022-01-05T20:49:38: Error: Cannot find module './../swagger.json'
2022-01-05T20:49:38: Require stack:
2022-01-05T20:49:38: - C:\Users\84929\app-chat-api\app-chat\dist\routes\swagger.route.js
2022-01-05T20:49:38: - C:\Users\84929\app-chat-api\app-chat\dist\routes\index.js
2022-01-05T20:49:38: - C:\Users\84929\app-chat-api\app-chat\dist\app.js
2022-01-05T20:49:38:     at Function.Module._resolveFilename (internal/modules/cjs/loader.js:889:15)
2022-01-05T20:49:38:     at Module.Hook._require.Module.require (C:\Users\84929\AppData\Roaming\npm\node_modules\pm2\node_modules\require-in-the-middle\index.js:61:29)
2022-01-05T20:49:38:     at require (internal/modules/cjs/helpers.js:92:18)
2022-01-05T20:49:38:     at Object.<anonymous> (C:\Users\84929\app-chat-api\app-chat\dist\routes\swagger.route.js:5:25)
2022-01-05T20:49:38:     at Module._compile (internal/modules/cjs/loader.js:1072:14)
2022-01-05T20:49:38:     at Object.Module._extensions..js (internal/modules/cjs/loader.js:1101:10)
2022-01-05T20:49:38:     at Module.load (internal/modules/cjs/loader.js:937:32)
2022-01-05T20:49:38:     at Function.Module._load (internal/modules/cjs/loader.js:778:12)
2022-01-05T20:49:38:     at Module.require (internal/modules/cjs/loader.js:961:19)
2022-01-05T20:49:38:     at Module.Hook._require.Module.require (C:\Users\84929\AppData\Roaming\npm\node_modules\pm2\node_modules\require-in-the-middle\index.js:80:39) {
2022-01-05T20:49:38:   code: 'MODULE_NOT_FOUND',
2022-01-05T20:49:38:   requireStack: [
2022-01-05T20:49:38:     'C:\\Users\\84929\\app-chat-api\\app-chat\\dist\\routes\\swagger.route.js',
2022-01-05T20:49:38:     'C:\\Users\\84929\\app-chat-api\\app-chat\\dist\\routes\\index.js',
2022-01-05T20:49:38:     'C:\\Users\\84929\\app-chat-api\\app-chat\\dist\\app.js'
2022-01-05T20:49:38:   ]
2022-01-05T20:49:38: }
