2021-12-08T14:44:14: Server listen at 3000
2021-12-08T14:44:14: connect to mongoDB
<<<<<<< HEAD
2021-12-08T14:45:14: Server listen at 3000
2021-12-08T14:45:14: connect to mongoDB
2021-12-27T21:40:46: Server listen at 3000
2021-12-27T21:40:46: connect to mongoDB
2021-12-27T21:43:20: Error: User validation failed: user_type: Path `user_type` is required.
2021-12-27T21:43:20:     at ValidationError.inspect (C:\Users\84929\app-chat-api\app-chat\node_modules\mongoose\lib\error\validation.js:48:26)
2021-12-27T21:43:20:     at formatValue (internal/util/inspect.js:743:19)
2021-12-27T21:43:20:     at inspect (internal/util/inspect.js:317:10)
2021-12-27T21:43:20:     at formatWithOptionsInternal (internal/util/inspect.js:1976:40)
2021-12-27T21:43:20:     at formatWithOptions (internal/util/inspect.js:1858:10)
2021-12-27T21:43:20:     at console.value (internal/console/constructor.js:323:14)
2021-12-27T21:43:20:     at console.log (internal/console/constructor.js:358:61)
2021-12-27T21:43:20:     at C:\Users\84929\app-chat-api\app-chat\dist\controller\user.controller.js:72:25
2021-12-27T21:43:20:     at Generator.throw (<anonymous>)
2021-12-27T21:43:20:     at rejected (C:\Users\84929\app-chat-api\app-chat\dist\controller\user.controller.js:6:65) {
2021-12-27T21:43:20:   errors: {
2021-12-27T21:43:20:     user_type: ValidatorError: Path `user_type` is required.
2021-12-27T21:43:20:         at validate (C:\Users\84929\app-chat-api\app-chat\node_modules\mongoose\lib\schematype.js:1264:13)
2021-12-27T21:43:20:         at C:\Users\84929\app-chat-api\app-chat\node_modules\mongoose\lib\schematype.js:1247:7
2021-12-27T21:43:20:         at Array.forEach (<anonymous>)
2021-12-27T21:43:20:         at SchemaString.SchemaType.doValidate (C:\Users\84929\app-chat-api\app-chat\node_modules\mongoose\lib\schematype.js:1197:14)
2021-12-27T21:43:20:         at C:\Users\84929\app-chat-api\app-chat\node_modules\mongoose\lib\document.js:2662:18
2021-12-27T21:43:20:         at processTicksAndRejections (internal/process/task_queues.js:77:11) {
2021-12-27T21:43:20:       properties: [Object],
2021-12-27T21:43:20:       kind: 'required',
2021-12-27T21:43:20:       path: 'user_type',
2021-12-27T21:43:20:       value: undefined,
2021-12-27T21:43:20:       reason: undefined,
2021-12-27T21:43:20:       [Symbol(mongoose:validatorError)]: true
2021-12-27T21:43:20:     }
2021-12-27T21:43:20:   },
2021-12-27T21:43:20:   _message: 'User validation failed'
2021-12-27T21:43:20: }
2021-12-27T21:44:09: Error: User validation failed: user_type: Path `user_type` is required.
2021-12-27T21:44:09:     at ValidationError.inspect (C:\Users\84929\app-chat-api\app-chat\node_modules\mongoose\lib\error\validation.js:48:26)
2021-12-27T21:44:09:     at formatValue (internal/util/inspect.js:743:19)
2021-12-27T21:44:09:     at inspect (internal/util/inspect.js:317:10)
2021-12-27T21:44:09:     at formatWithOptionsInternal (internal/util/inspect.js:1976:40)
2021-12-27T21:44:09:     at formatWithOptions (internal/util/inspect.js:1858:10)
2021-12-27T21:44:09:     at console.value (internal/console/constructor.js:323:14)
2021-12-27T21:44:09:     at console.log (internal/console/constructor.js:358:61)
2021-12-27T21:44:09:     at C:\Users\84929\app-chat-api\app-chat\dist\controller\user.controller.js:72:25
2021-12-27T21:44:09:     at Generator.throw (<anonymous>)
2021-12-27T21:44:09:     at rejected (C:\Users\84929\app-chat-api\app-chat\dist\controller\user.controller.js:6:65) {
2021-12-27T21:44:09:   errors: {
2021-12-27T21:44:09:     user_type: ValidatorError: Path `user_type` is required.
2021-12-27T21:44:09:         at validate (C:\Users\84929\app-chat-api\app-chat\node_modules\mongoose\lib\schematype.js:1264:13)
2021-12-27T21:44:09:         at C:\Users\84929\app-chat-api\app-chat\node_modules\mongoose\lib\schematype.js:1247:7
2021-12-27T21:44:09:         at Array.forEach (<anonymous>)
2021-12-27T21:44:09:         at SchemaString.SchemaType.doValidate (C:\Users\84929\app-chat-api\app-chat\node_modules\mongoose\lib\schematype.js:1197:14)
2021-12-27T21:44:09:         at C:\Users\84929\app-chat-api\app-chat\node_modules\mongoose\lib\document.js:2662:18
2021-12-27T21:44:09:         at processTicksAndRejections (internal/process/task_queues.js:77:11) {
2021-12-27T21:44:09:       properties: [Object],
2021-12-27T21:44:09:       kind: 'required',
2021-12-27T21:44:09:       path: 'user_type',
2021-12-27T21:44:09:       value: undefined,
2021-12-27T21:44:09:       reason: undefined,
2021-12-27T21:44:09:       [Symbol(mongoose:validatorError)]: true
2021-12-27T21:44:09:     }
2021-12-27T21:44:09:   },
2021-12-27T21:44:09:   _message: 'User validation failed'
2021-12-27T21:44:09: }
2021-12-27T21:45:56: Server listen at 3000
2021-12-27T21:45:56: connect to mongoDB
2021-12-27T21:45:56: Error: User validation failed: user_type: Path `user_type` is required.
2021-12-27T21:45:56:     at ValidationError.inspect (C:\Users\84929\app-chat-api\app-chat\node_modules\mongoose\lib\error\validation.js:48:26)
2021-12-27T21:45:56:     at formatValue (internal/util/inspect.js:743:19)
2021-12-27T21:45:56:     at inspect (internal/util/inspect.js:317:10)
2021-12-27T21:45:56:     at formatWithOptionsInternal (internal/util/inspect.js:1976:40)
2021-12-27T21:45:56:     at formatWithOptions (internal/util/inspect.js:1858:10)
2021-12-27T21:45:56:     at console.value (internal/console/constructor.js:323:14)
2021-12-27T21:45:56:     at console.log (internal/console/constructor.js:358:61)
2021-12-27T21:45:56:     at C:\Users\84929\app-chat-api\app-chat\dist\controller\user.controller.js:72:25
2021-12-27T21:45:56:     at Generator.throw (<anonymous>)
2021-12-27T21:45:56:     at rejected (C:\Users\84929\app-chat-api\app-chat\dist\controller\user.controller.js:6:65) {
2021-12-27T21:45:56:   errors: {
2021-12-27T21:45:56:     user_type: ValidatorError: Path `user_type` is required.
2021-12-27T21:45:56:         at validate (C:\Users\84929\app-chat-api\app-chat\node_modules\mongoose\lib\schematype.js:1264:13)
2021-12-27T21:45:56:         at C:\Users\84929\app-chat-api\app-chat\node_modules\mongoose\lib\schematype.js:1247:7
2021-12-27T21:45:56:         at Array.forEach (<anonymous>)
2021-12-27T21:45:56:         at SchemaString.SchemaType.doValidate (C:\Users\84929\app-chat-api\app-chat\node_modules\mongoose\lib\schematype.js:1197:14)
2021-12-27T21:45:56:         at C:\Users\84929\app-chat-api\app-chat\node_modules\mongoose\lib\document.js:2662:18
2021-12-27T21:45:56:         at processTicksAndRejections (internal/process/task_queues.js:77:11) {
2021-12-27T21:45:56:       properties: [Object],
2021-12-27T21:45:56:       kind: 'required',
2021-12-27T21:45:56:       path: 'user_type',
2021-12-27T21:45:56:       value: undefined,
2021-12-27T21:45:56:       reason: undefined,
2021-12-27T21:45:56:       [Symbol(mongoose:validatorError)]: true
2021-12-27T21:45:56:     }
2021-12-27T21:45:56:   },
2021-12-27T21:45:56:   _message: 'User validation failed'
2021-12-27T21:45:56: }
2021-12-27T21:47:11: Server listen at 3000
2021-12-27T21:47:11: connect to mongoDB
2021-12-27T21:49:36: Server listen at 3000
2021-12-27T21:49:36: connect to mongoDB
2021-12-27T21:49:39: im here
2021-12-27T21:50:09: im here
2021-12-27T21:50:24: Server listen at 3000
2021-12-27T21:50:24: connect to mongoDB
2021-12-27T21:50:25: im here
2021-12-27T21:51:46: Server listen at 3000
2021-12-27T21:51:46: connect to mongoDB
2021-12-27T21:51:47: im here
2021-12-27T21:52:05: im here
2021-12-27T21:52:35: im here
2021-12-27T21:53:04: MongoServerError: E11000 duplicate key error collection: AppChat.users index: name_1 dup key: { name: "vochihieu" }
2021-12-27T21:53:04:     at C:\Users\84929\app-chat-api\app-chat\node_modules\mongodb\lib\operations\insert.js:51:33
2021-12-27T21:53:04:     at C:\Users\84929\app-chat-api\app-chat\node_modules\mongodb\lib\cmap\connection_pool.js:272:25
2021-12-27T21:53:04:     at handleOperationResult (C:\Users\84929\app-chat-api\app-chat\node_modules\mongodb\lib\sdam\server.js:363:9)
2021-12-27T21:53:04:     at MessageStream.messageHandler (C:\Users\84929\app-chat-api\app-chat\node_modules\mongodb\lib\cmap\connection.js:479:9)
2021-12-27T21:53:04:     at MessageStream.emit (events.js:400:28)
2021-12-27T21:53:04:     at processIncomingData (C:\Users\84929\app-chat-api\app-chat\node_modules\mongodb\lib\cmap\message_stream.js:108:16)
2021-12-27T21:53:04:     at MessageStream._write (C:\Users\84929\app-chat-api\app-chat\node_modules\mongodb\lib\cmap\message_stream.js:28:9)
2021-12-27T21:53:04:     at writeOrBuffer (internal/streams/writable.js:358:12)
2021-12-27T21:53:04:     at MessageStream.Writable.write (internal/streams/writable.js:303:10)
2021-12-27T21:53:04:     at Socket.ondata (internal/streams/readable.js:726:22) {
2021-12-27T21:53:04:   index: 0,
2021-12-27T21:53:04:   code: 11000,
2021-12-27T21:53:04:   keyPattern: { name: 1 },
2021-12-27T21:53:04:   keyValue: { name: 'vochihieu' }
2021-12-27T21:53:04: }
2021-12-27T21:55:04: im here
2021-12-31T15:08:59: Server listen at 3000
2021-12-31T15:09:48: MongooseError: Operation `users.insertOne()` buffering timed out after 10000ms
2021-12-31T15:09:48:     at Timeout.<anonymous> (C:\Users\84929\app-chat-api\app-chat\node_modules\mongoose\lib\drivers\node-mongodb-native\collection.js:149:23)
2021-12-31T15:09:48:     at listOnTimeout (internal/timers.js:557:17)
2021-12-31T15:09:48:     at processTimers (internal/timers.js:500:7)
2021-12-31T15:10:31: Server listen at 3000
2021-12-31T15:10:31: connect to mongoDB
2021-12-31T15:11:14: MongoServerError: E11000 duplicate key error collection: AppChat.users index: name_1 dup key: { name: "vochihieu2" }
2021-12-31T15:11:14:     at C:\Users\84929\app-chat-api\app-chat\node_modules\mongodb\lib\operations\insert.js:51:33
2021-12-31T15:11:14:     at C:\Users\84929\app-chat-api\app-chat\node_modules\mongodb\lib\cmap\connection_pool.js:272:25
2021-12-31T15:11:14:     at handleOperationResult (C:\Users\84929\app-chat-api\app-chat\node_modules\mongodb\lib\sdam\server.js:363:9)
2021-12-31T15:11:14:     at MessageStream.messageHandler (C:\Users\84929\app-chat-api\app-chat\node_modules\mongodb\lib\cmap\connection.js:479:9)
2021-12-31T15:11:14:     at MessageStream.emit (events.js:400:28)
2021-12-31T15:11:14:     at processIncomingData (C:\Users\84929\app-chat-api\app-chat\node_modules\mongodb\lib\cmap\message_stream.js:108:16)
2021-12-31T15:11:14:     at MessageStream._write (C:\Users\84929\app-chat-api\app-chat\node_modules\mongodb\lib\cmap\message_stream.js:28:9)
2021-12-31T15:11:14:     at writeOrBuffer (internal/streams/writable.js:358:12)
2021-12-31T15:11:14:     at MessageStream.Writable.write (internal/streams/writable.js:303:10)
2021-12-31T15:11:14:     at Socket.ondata (internal/streams/readable.js:726:22) {
2021-12-31T15:11:14:   index: 0,
2021-12-31T15:11:14:   code: 11000,
2021-12-31T15:11:14:   keyPattern: { name: 1 },
2021-12-31T15:11:14:   keyValue: { name: 'vochihieu2' }
2021-12-31T15:11:14: }
2021-12-31T15:36:50: Server listen at 3000
2021-12-31T15:36:50: connect to mongoDB
2021-12-31T18:54:34: Server listen at 3000
2021-12-31T18:54:34: connect to mongoDB
2021-12-31T19:02:16: Server listen at 3000
2021-12-31T19:02:16: connect to mongoDB
2021-12-31T19:02:19: Error [ERR_HTTP_HEADERS_SENT]: Cannot set headers after they are sent to the client
2021-12-31T19:02:19:     at ServerResponse.setHeader (_http_outgoing.js:561:11)
2021-12-31T19:02:19:     at ServerResponse.header (C:\Users\84929\app-chat-api\app-chat\node_modules\express\lib\response.js:771:10)
2021-12-31T19:02:19:     at ServerResponse.send (C:\Users\84929\app-chat-api\app-chat\node_modules\express\lib\response.js:170:12)
2021-12-31T19:02:19:     at ServerResponse.json (C:\Users\84929\app-chat-api\app-chat\node_modules\express\lib\response.js:267:15)
2021-12-31T19:02:19:     at C:\Users\84929\app-chat-api\app-chat\dist\controller\aution.controller.js:25:21
2021-12-31T19:02:19:     at Generator.next (<anonymous>)
2021-12-31T19:02:19:     at fulfilled (C:\Users\84929\app-chat-api\app-chat\dist\controller\aution.controller.js:5:58)
2021-12-31T19:02:19:     at processTicksAndRejections (internal/process/task_queues.js:95:5) {
2021-12-31T19:02:19:   code: 'ERR_HTTP_HEADERS_SENT'
2021-12-31T19:02:19: }
2021-12-31T19:04:44: Server listen at 3000
2021-12-31T19:04:44: connect to mongoDB
2021-12-31T19:13:08: Server listen at 3000
2021-12-31T19:13:08: connect to mongoDB
2021-12-31T19:13:09: 1
2021-12-31T19:14:17: 2
2021-12-31T19:17:03: 1
2021-12-31T19:17:49: Server listen at 3000
2021-12-31T19:17:49: connect to mongoDB
2021-12-31T19:18:44: Server listen at 3000
2021-12-31T19:18:44: connect to mongoDB
2021-12-31T19:19:24: Server listen at 3000
2021-12-31T19:19:24: connect to mongoDB
2021-12-31T19:19:42: Server listen at 3000
2021-12-31T19:19:42: connect to mongoDB
2021-12-31T19:24:30: Server listen at 3000
2021-12-31T19:24:30: connect to mongoDB
2021-12-31T19:25:18: Server listen at 3000
2021-12-31T19:25:18: connect to mongoDB
2021-12-31T19:25:19: TypeError: Found non-callable @@iterator
2021-12-31T19:25:19:     at C:\Users\84929\app-chat-api\app-chat\dist\controller\auction.controller.js:38:61
2021-12-31T19:25:19:     at Generator.next (<anonymous>)
2021-12-31T19:25:19:     at C:\Users\84929\app-chat-api\app-chat\dist\controller\auction.controller.js:8:71
2021-12-31T19:25:19:     at new Promise (<anonymous>)
2021-12-31T19:25:19:     at __awaiter (C:\Users\84929\app-chat-api\app-chat\dist\controller\auction.controller.js:4:12)
2021-12-31T19:25:19:     at createAuctions (C:\Users\84929\app-chat-api\app-chat\dist\controller\auction.controller.js:36:16)
2021-12-31T19:25:19:     at Layer.handle [as handle_request] (C:\Users\84929\app-chat-api\app-chat\node_modules\express\lib\router\layer.js:95:5)
2021-12-31T19:25:19:     at next (C:\Users\84929\app-chat-api\app-chat\node_modules\express\lib\router\route.js:137:13)
2021-12-31T19:25:19:     at Route.dispatch (C:\Users\84929\app-chat-api\app-chat\node_modules\express\lib\router\route.js:112:3)
2021-12-31T19:25:19:     at Layer.handle [as handle_request] (C:\Users\84929\app-chat-api\app-chat\node_modules\express\lib\router\layer.js:95:5)
2021-12-31T19:27:04: Server listen at 3000
2021-12-31T19:27:04: connect to mongoDB
2021-12-31T19:30:52: Error: Auction validation failed: holderID: Path `holderID` is required., min_price: Path `min_price` is required.
2021-12-31T19:30:52:     at ValidationError.inspect (C:\Users\84929\app-chat-api\app-chat\node_modules\mongoose\lib\error\validation.js:48:26)
2021-12-31T19:30:52:     at formatValue (internal/util/inspect.js:743:19)
2021-12-31T19:30:52:     at inspect (internal/util/inspect.js:317:10)
2021-12-31T19:30:52:     at formatWithOptionsInternal (internal/util/inspect.js:1976:40)
2021-12-31T19:30:52:     at formatWithOptions (internal/util/inspect.js:1858:10)
2021-12-31T19:30:52:     at console.value (internal/console/constructor.js:323:14)
2021-12-31T19:30:52:     at console.log (internal/console/constructor.js:358:61)
2021-12-31T19:30:52:     at C:\Users\84929\app-chat-api\app-chat\dist\controller\auction.controller.js:47:25
2021-12-31T19:30:52:     at Generator.throw (<anonymous>)
2021-12-31T19:30:52:     at rejected (C:\Users\84929\app-chat-api\app-chat\dist\controller\auction.controller.js:6:65) {
2021-12-31T19:30:52:   errors: {
2021-12-31T19:30:52:     holderID: ValidatorError: Path `holderID` is required.
2021-12-31T19:30:52:         at validate (C:\Users\84929\app-chat-api\app-chat\node_modules\mongoose\lib\schematype.js:1264:13)
2021-12-31T19:30:52:         at C:\Users\84929\app-chat-api\app-chat\node_modules\mongoose\lib\schematype.js:1247:7
2021-12-31T19:30:52:         at Array.forEach (<anonymous>)
2021-12-31T19:30:52:         at SchemaString.SchemaType.doValidate (C:\Users\84929\app-chat-api\app-chat\node_modules\mongoose\lib\schematype.js:1197:14)
2021-12-31T19:30:52:         at C:\Users\84929\app-chat-api\app-chat\node_modules\mongoose\lib\document.js:2662:18
2021-12-31T19:30:52:         at processTicksAndRejections (internal/process/task_queues.js:77:11) {
2021-12-31T19:30:52:       properties: [Object],
2021-12-31T19:30:52:       kind: 'required',
2021-12-31T19:30:52:       path: 'holderID',
2021-12-31T19:30:52:       value: undefined,
2021-12-31T19:30:52:       reason: undefined,
2021-12-31T19:30:52:       [Symbol(mongoose:validatorError)]: true
2021-12-31T19:30:52:     },
2021-12-31T19:30:52:     min_price: ValidatorError: Path `min_price` is required.
2021-12-31T19:30:52:         at validate (C:\Users\84929\app-chat-api\app-chat\node_modules\mongoose\lib\schematype.js:1264:13)
2021-12-31T19:30:52:         at C:\Users\84929\app-chat-api\app-chat\node_modules\mongoose\lib\schematype.js:1247:7
2021-12-31T19:30:52:         at Array.forEach (<anonymous>)
2021-12-31T19:30:52:         at SchemaString.SchemaType.doValidate (C:\Users\84929\app-chat-api\app-chat\node_modules\mongoose\lib\schematype.js:1197:14)
2021-12-31T19:30:52:         at C:\Users\84929\app-chat-api\app-chat\node_modules\mongoose\lib\document.js:2662:18
2021-12-31T19:30:52:         at processTicksAndRejections (internal/process/task_queues.js:77:11) {
2021-12-31T19:30:52:       properties: [Object],
2021-12-31T19:30:52:       kind: 'required',
2021-12-31T19:30:52:       path: 'min_price',
2021-12-31T19:30:52:       value: undefined,
2021-12-31T19:30:52:       reason: undefined,
2021-12-31T19:30:52:       [Symbol(mongoose:validatorError)]: true
2021-12-31T19:30:52:     }
2021-12-31T19:30:52:   },
2021-12-31T19:30:52:   _message: 'Auction validation failed'
2021-12-31T19:30:52: }
2021-12-31T19:33:02: Server listen at 3000
2021-12-31T19:33:02: connect to mongoDB
2022-01-01T16:25:46: Server listen at 3000
2022-01-01T16:25:46: connect to mongoDB
2022-01-01T20:06:16: Server listen at 3000
2022-01-01T20:06:17: connect to mongoDB
=======
2021-12-08T23:22:34: Server listen at 3000
2021-12-08T23:22:34: connect to mongoDB
2021-12-08T23:24:47: Server listen at 3000
2021-12-08T23:24:48: connect to mongoDB
>>>>>>> 29cd0c38b5b5de6735aab6ff93a630f4c9f3ad00
2022-01-03T15:20:14: Server listen at 3000
2022-01-03T15:20:14: connect to mongoDB
2022-01-03T15:20:36: {
2022-01-03T15:20:36:   fieldname: 'file',
2022-01-03T15:20:36:   originalname: '3683.jpg',
2022-01-03T15:20:36:   encoding: '7bit',
2022-01-03T15:20:36:   mimetype: 'image/jpeg',
2022-01-03T15:20:36:   destination: 'uploads/',
2022-01-03T15:20:36:   filename: '92bf062b811be3687931996f52879025',
2022-01-03T15:20:36:   path: 'uploads\\92bf062b811be3687931996f52879025',
2022-01-03T15:20:36:   size: 195096
2022-01-03T15:20:36: }
2022-01-03T15:39:43: Server listen at 3000
2022-01-03T15:39:43: connect to mongoDB
2022-01-03T15:42:05: Server listen at 3000
2022-01-03T15:42:05: connect to mongoDB
2022-01-03T15:42:21: 0.18605804443359375
2022-01-03T15:42:21: [ 'image', 'jpeg' ]
2022-01-03T15:43:21: Server listen at 3000
2022-01-03T15:43:21: connect to mongoDB
2022-01-03T15:43:25: 0.18605804443359375
2022-01-03T15:49:02: Server listen at 3000
2022-01-03T15:49:02: connect to mongoDB
2022-01-03T16:02:34: Server listen at 3000
2022-01-03T16:02:34: connect to mongoDB
2022-01-03T16:09:35: TypeError: res.jon is not a function
2022-01-03T16:09:35:     at C:\Users\84929\app-chat-api\app-chat\dist\controller\product.controller.js:50:21
2022-01-03T16:09:35:     at Generator.next (<anonymous>)
2022-01-03T16:09:35:     at C:\Users\84929\app-chat-api\app-chat\dist\controller\product.controller.js:8:71
2022-01-03T16:09:35:     at new Promise (<anonymous>)
2022-01-03T16:09:35:     at __awaiter (C:\Users\84929\app-chat-api\app-chat\dist\controller\product.controller.js:4:12)
2022-01-03T16:09:35:     at Add (C:\Users\84929\app-chat-api\app-chat\dist\controller\product.controller.js:38:16)
2022-01-03T16:09:35:     at Layer.handle [as handle_request] (C:\Users\84929\app-chat-api\app-chat\node_modules\express\lib\router\layer.js:95:5)
2022-01-03T16:09:35:     at next (C:\Users\84929\app-chat-api\app-chat\node_modules\express\lib\router\route.js:137:13)
2022-01-03T16:09:35:     at Route.dispatch (C:\Users\84929\app-chat-api\app-chat\node_modules\express\lib\router\route.js:112:3)
2022-01-03T16:09:35:     at Layer.handle [as handle_request] (C:\Users\84929\app-chat-api\app-chat\node_modules\express\lib\router\layer.js:95:5)
2022-01-03T16:11:33: Server listen at 3000
2022-01-03T16:11:33: connect to mongoDB
2022-01-03T16:55:36: Server listen at 3000
2022-01-03T16:55:36: connect to mongoDB
2022-01-03T17:21:05: Server listen at 3000
2022-01-03T17:21:05: connect to mongoDB
2022-01-03T17:21:19: Server listen at 3000
2022-01-03T17:21:19: connect to mongoDB
2022-01-03T17:22:41: Server listen at 3000
2022-01-03T17:22:41: connect to mongoDB
2022-01-03T17:27:31: Server listen at 3000
2022-01-03T17:27:31: connect to mongoDB
2022-01-03T17:27:53: Server listen at 3000
2022-01-03T17:27:53: connect to mongoDB
2022-01-03T17:34:55: Server listen at 3000
2022-01-03T17:34:55: connect to mongoDB
2022-01-03T17:38:02: Server listen at 3000
2022-01-03T17:38:02: connect to mongoDB
2022-01-03T17:39:00: Server listen at 3000
2022-01-03T17:39:00: connect to mongoDB
2022-01-03T17:40:29: Server listen at 3000
2022-01-03T17:40:29: connect to mongoDB
2022-01-03T17:43:46: Server listen at 3000
2022-01-03T17:43:46: connect to mongoDB
2022-01-03T17:49:36: Server listen at 3000
2022-01-03T17:49:36: connect to mongoDB
2022-01-03T17:51:36: Server listen at 3000
2022-01-03T17:51:36: connect to mongoDB
2022-01-05T20:40:15: Server listen at 3000
2022-01-05T20:40:15: connect to mongoDB
2022-01-05T20:40:50: Server listen at 3000
2022-01-05T20:40:50: connect to mongoDB
2022-01-05T20:42:25: Server listen at 3000
2022-01-05T20:42:25: connect to mongoDB
2022-01-05T20:43:45: Server listen at 3000
2022-01-05T20:43:45: connect to mongoDB
2022-01-05T20:52:44: Server listen at 3000
2022-01-05T20:52:44: connect to mongoDB
2022-01-05T20:53:40: Server listen at 3000
2022-01-05T20:53:40: connect to mongoDB
2022-01-05T20:54:57: Server listen at 3000
2022-01-05T20:54:57: connect to mongoDB
2022-01-05T20:56:09: Server listen at 3000
2022-01-05T20:56:09: connect to mongoDB
2022-01-05T20:57:01: Server listen at 3000
2022-01-05T20:57:01: connect to mongoDB
2022-01-05T20:58:06: Server listen at 3000
2022-01-05T20:58:06: connect to mongoDB
2022-01-05T21:18:14: Server listen at 3000
2022-01-05T21:18:14: connect to mongoDB
2022-01-05T21:42:39: Server listen at 3000
2022-01-05T21:42:39: connect to mongoDB
2022-01-05T21:43:46: Server listen at 3000
2022-01-05T21:43:46: connect to mongoDB
2022-01-05T21:44:39: Server listen at 3000
2022-01-05T21:44:39: connect to mongoDB
2022-01-05T21:49:21: Server listen at 3000
2022-01-05T21:49:21: connect to mongoDB
2022-01-05T21:54:12: Server listen at 3000
2022-01-05T21:54:12: connect to mongoDB
2022-01-05T21:56:10: Server listen at 3000
2022-01-05T21:56:10: connect to mongoDB
2022-01-05T21:57:24: Server listen at 3000
2022-01-05T21:57:24: connect to mongoDB
2022-01-05T21:58:36: Server listen at 3000
2022-01-05T21:58:36: connect to mongoDB
2022-01-05T22:00:48: Server listen at 3000
2022-01-05T22:00:48: connect to mongoDB
2022-01-05T22:02:19: Server listen at 3000
2022-01-05T22:02:19: connect to mongoDB
